{"/Volumes/PDATA/GitDB/serverless_ai_gateway/src/constants.ts": {"path":"/Volumes/PDATA/GitDB/serverless_ai_gateway/src/constants.ts","statementMap":{"0":{"start":{"line":1,"column":7},"end":{"line":1,"column":null}},"1":{"start":{"line":2,"column":4},"end":{"line":2,"column":null}},"2":{"start":{"line":3,"column":4},"end":{"line":3,"column":null}},"3":{"start":{"line":4,"column":4},"end":{"line":4,"column":null}},"4":{"start":{"line":5,"column":4},"end":{"line":5,"column":null}},"5":{"start":{"line":1,"column":12},"end":{"line":1,"column":null}},"6":{"start":{"line":8,"column":7},"end":{"line":8,"column":null}},"7":{"start":{"line":9,"column":4},"end":{"line":9,"column":null}},"8":{"start":{"line":10,"column":4},"end":{"line":10,"column":null}},"9":{"start":{"line":11,"column":4},"end":{"line":11,"column":null}},"10":{"start":{"line":8,"column":12},"end":{"line":8,"column":null}},"11":{"start":{"line":14,"column":7},"end":{"line":14,"column":null}},"12":{"start":{"line":15,"column":4},"end":{"line":15,"column":null}},"13":{"start":{"line":16,"column":4},"end":{"line":16,"column":null}},"14":{"start":{"line":17,"column":4},"end":{"line":17,"column":null}},"15":{"start":{"line":18,"column":4},"end":{"line":18,"column":null}},"16":{"start":{"line":19,"column":4},"end":{"line":19,"column":null}},"17":{"start":{"line":20,"column":4},"end":{"line":20,"column":null}},"18":{"start":{"line":21,"column":4},"end":{"line":21,"column":null}},"19":{"start":{"line":22,"column":4},"end":{"line":22,"column":null}},"20":{"start":{"line":14,"column":12},"end":{"line":14,"column":null}},"21":{"start":{"line":25,"column":7},"end":{"line":25,"column":null}},"22":{"start":{"line":26,"column":4},"end":{"line":26,"column":null}},"23":{"start":{"line":27,"column":4},"end":{"line":27,"column":null}},"24":{"start":{"line":28,"column":4},"end":{"line":28,"column":null}},"25":{"start":{"line":25,"column":12},"end":{"line":25,"column":null}},"26":{"start":{"line":31,"column":7},"end":{"line":31,"column":null}},"27":{"start":{"line":32,"column":4},"end":{"line":32,"column":null}},"28":{"start":{"line":33,"column":4},"end":{"line":33,"column":null}},"29":{"start":{"line":31,"column":12},"end":{"line":31,"column":null}},"30":{"start":{"line":36,"column":7},"end":{"line":36,"column":null}},"31":{"start":{"line":37,"column":4},"end":{"line":37,"column":null}},"32":{"start":{"line":38,"column":4},"end":{"line":38,"column":null}},"33":{"start":{"line":39,"column":4},"end":{"line":39,"column":null}},"34":{"start":{"line":36,"column":12},"end":{"line":36,"column":null}},"35":{"start":{"line":42,"column":7},"end":{"line":42,"column":null}},"36":{"start":{"line":43,"column":4},"end":{"line":43,"column":null}},"37":{"start":{"line":44,"column":4},"end":{"line":44,"column":null}},"38":{"start":{"line":42,"column":12},"end":{"line":42,"column":null}},"39":{"start":{"line":47,"column":28},"end":{"line":47,"column":null}}},"fnMap":{"0":{"name":"(anonymous_0)","decl":{"start":{"line":1,"column":7},"end":{"line":1,"column":12}},"loc":{"start":{"line":1,"column":7},"end":{"line":1,"column":null}},"line":1},"1":{"name":"(anonymous_1)","decl":{"start":{"line":8,"column":7},"end":{"line":8,"column":12}},"loc":{"start":{"line":8,"column":7},"end":{"line":8,"column":null}},"line":8},"2":{"name":"(anonymous_2)","decl":{"start":{"line":14,"column":7},"end":{"line":14,"column":12}},"loc":{"start":{"line":14,"column":7},"end":{"line":14,"column":null}},"line":14},"3":{"name":"(anonymous_3)","decl":{"start":{"line":25,"column":7},"end":{"line":25,"column":12}},"loc":{"start":{"line":25,"column":7},"end":{"line":25,"column":null}},"line":25},"4":{"name":"(anonymous_4)","decl":{"start":{"line":31,"column":7},"end":{"line":31,"column":12}},"loc":{"start":{"line":31,"column":7},"end":{"line":31,"column":null}},"line":31},"5":{"name":"(anonymous_5)","decl":{"start":{"line":36,"column":7},"end":{"line":36,"column":12}},"loc":{"start":{"line":36,"column":7},"end":{"line":36,"column":null}},"line":36},"6":{"name":"(anonymous_6)","decl":{"start":{"line":42,"column":7},"end":{"line":42,"column":12}},"loc":{"start":{"line":42,"column":7},"end":{"line":42,"column":null}},"line":42}},"branchMap":{"0":{"loc":{"start":{"line":1,"column":12},"end":{"line":1,"column":null}},"type":"binary-expr","locations":[{"start":{"line":1,"column":12},"end":{"line":1,"column":null}},{"start":{"line":1,"column":12},"end":{"line":1,"column":null}}],"line":1},"1":{"loc":{"start":{"line":8,"column":12},"end":{"line":8,"column":null}},"type":"binary-expr","locations":[{"start":{"line":8,"column":12},"end":{"line":8,"column":null}},{"start":{"line":8,"column":12},"end":{"line":8,"column":null}}],"line":8},"2":{"loc":{"start":{"line":14,"column":12},"end":{"line":14,"column":null}},"type":"binary-expr","locations":[{"start":{"line":14,"column":12},"end":{"line":14,"column":null}},{"start":{"line":14,"column":12},"end":{"line":14,"column":null}}],"line":14},"3":{"loc":{"start":{"line":25,"column":12},"end":{"line":25,"column":null}},"type":"binary-expr","locations":[{"start":{"line":25,"column":12},"end":{"line":25,"column":null}},{"start":{"line":25,"column":12},"end":{"line":25,"column":null}}],"line":25},"4":{"loc":{"start":{"line":31,"column":12},"end":{"line":31,"column":null}},"type":"binary-expr","locations":[{"start":{"line":31,"column":12},"end":{"line":31,"column":null}},{"start":{"line":31,"column":12},"end":{"line":31,"column":null}}],"line":31},"5":{"loc":{"start":{"line":36,"column":12},"end":{"line":36,"column":null}},"type":"binary-expr","locations":[{"start":{"line":36,"column":12},"end":{"line":36,"column":null}},{"start":{"line":36,"column":12},"end":{"line":36,"column":null}}],"line":36},"6":{"loc":{"start":{"line":42,"column":12},"end":{"line":42,"column":null}},"type":"binary-expr","locations":[{"start":{"line":42,"column":12},"end":{"line":42,"column":null}},{"start":{"line":42,"column":12},"end":{"line":42,"column":null}}],"line":42}},"s":{"0":10,"1":10,"2":10,"3":10,"4":10,"5":10,"6":10,"7":10,"8":10,"9":10,"10":10,"11":10,"12":10,"13":10,"14":10,"15":10,"16":10,"17":10,"18":10,"19":10,"20":10,"21":10,"22":10,"23":10,"24":10,"25":10,"26":10,"27":10,"28":10,"29":10,"30":10,"31":10,"32":10,"33":10,"34":10,"35":10,"36":10,"37":10,"38":10,"39":10},"f":{"0":10,"1":10,"2":10,"3":10,"4":10,"5":10,"6":10},"b":{"0":[10,10],"1":[10,10],"2":[10,10],"3":[10,10],"4":[10,10],"5":[10,10],"6":[10,10]},"meta":{"lastBranch":7,"lastFunction":7,"lastStatement":40,"seen":{"s:1:7:1:Infinity":0,"f:1:7:1:12":0,"s:2:4:2:Infinity":1,"s:3:4:3:Infinity":2,"s:4:4:4:Infinity":3,"s:5:4:5:Infinity":4,"s:1:12:1:Infinity":5,"b:1:12:1:Infinity:1:12:1:Infinity":0,"s:8:7:8:Infinity":6,"f:8:7:8:12":1,"s:9:4:9:Infinity":7,"s:10:4:10:Infinity":8,"s:11:4:11:Infinity":9,"s:8:12:8:Infinity":10,"b:8:12:8:Infinity:8:12:8:Infinity":1,"s:14:7:14:Infinity":11,"f:14:7:14:12":2,"s:15:4:15:Infinity":12,"s:16:4:16:Infinity":13,"s:17:4:17:Infinity":14,"s:18:4:18:Infinity":15,"s:19:4:19:Infinity":16,"s:20:4:20:Infinity":17,"s:21:4:21:Infinity":18,"s:22:4:22:Infinity":19,"s:14:12:14:Infinity":20,"b:14:12:14:Infinity:14:12:14:Infinity":2,"s:25:7:25:Infinity":21,"f:25:7:25:12":3,"s:26:4:26:Infinity":22,"s:27:4:27:Infinity":23,"s:28:4:28:Infinity":24,"s:25:12:25:Infinity":25,"b:25:12:25:Infinity:25:12:25:Infinity":3,"s:31:7:31:Infinity":26,"f:31:7:31:12":4,"s:32:4:32:Infinity":27,"s:33:4:33:Infinity":28,"s:31:12:31:Infinity":29,"b:31:12:31:Infinity:31:12:31:Infinity":4,"s:36:7:36:Infinity":30,"f:36:7:36:12":5,"s:37:4:37:Infinity":31,"s:38:4:38:Infinity":32,"s:39:4:39:Infinity":33,"s:36:12:36:Infinity":34,"b:36:12:36:Infinity:36:12:36:Infinity":5,"s:42:7:42:Infinity":35,"f:42:7:42:12":6,"s:43:4:43:Infinity":36,"s:44:4:44:Infinity":37,"s:42:12:42:Infinity":38,"b:42:12:42:Infinity:42:12:42:Infinity":6,"s:47:28:47:Infinity":39}}}
,"/Volumes/PDATA/GitDB/serverless_ai_gateway/src/index.ts": {"path":"/Volumes/PDATA/GitDB/serverless_ai_gateway/src/index.ts","statementMap":{"0":{"start":{"line":6,"column":0},"end":{"line":6,"column":null}},"1":{"start":{"line":9,"column":0},"end":{"line":9,"column":null}}},"fnMap":{},"branchMap":{},"s":{"0":0,"1":0},"f":{},"b":{},"meta":{"lastBranch":0,"lastFunction":0,"lastStatement":2,"seen":{"s:6:0:6:Infinity":0,"s:9:0:9:Infinity":1}}}
,"/Volumes/PDATA/GitDB/serverless_ai_gateway/src/local.ts": {"path":"/Volumes/PDATA/GitDB/serverless_ai_gateway/src/local.ts","statementMap":{"0":{"start":{"line":12,"column":0},"end":{"line":12,"column":null}},"1":{"start":{"line":14,"column":16},"end":{"line":14,"column":null}},"2":{"start":{"line":18,"column":0},"end":{"line":32,"column":null}},"3":{"start":{"line":19,"column":4},"end":{"line":19,"column":null}},"4":{"start":{"line":20,"column":4},"end":{"line":23,"column":null}},"5":{"start":{"line":21,"column":8},"end":{"line":21,"column":null}},"6":{"start":{"line":22,"column":8},"end":{"line":22,"column":null}},"7":{"start":{"line":24,"column":4},"end":{"line":27,"column":null}},"8":{"start":{"line":25,"column":8},"end":{"line":25,"column":null}},"9":{"start":{"line":26,"column":8},"end":{"line":26,"column":null}},"10":{"start":{"line":28,"column":4},"end":{"line":31,"column":null}},"11":{"start":{"line":29,"column":8},"end":{"line":29,"column":null}},"12":{"start":{"line":30,"column":8},"end":{"line":30,"column":null}},"13":{"start":{"line":35,"column":4},"end":{"line":37,"column":null}},"14":{"start":{"line":36,"column":8},"end":{"line":36,"column":null}},"15":{"start":{"line":39,"column":4},"end":{"line":41,"column":null}},"16":{"start":{"line":40,"column":8},"end":{"line":40,"column":null}},"17":{"start":{"line":43,"column":4},"end":{"line":43,"column":null}},"18":{"start":{"line":49,"column":28},"end":{"line":54,"column":null}},"19":{"start":{"line":57,"column":10},"end":{"line":57,"column":null}},"20":{"start":{"line":58,"column":4},"end":{"line":58,"column":null}},"21":{"start":{"line":61,"column":4},"end":{"line":65,"column":null}},"22":{"start":{"line":62,"column":8},"end":{"line":62,"column":null}},"23":{"start":{"line":63,"column":24},"end":{"line":63,"column":null}},"24":{"start":{"line":64,"column":8},"end":{"line":64,"column":null}},"25":{"start":{"line":67,"column":4},"end":{"line":71,"column":null}},"26":{"start":{"line":68,"column":8},"end":{"line":68,"column":null}},"27":{"start":{"line":69,"column":24},"end":{"line":69,"column":null}},"28":{"start":{"line":70,"column":8},"end":{"line":70,"column":null}},"29":{"start":{"line":73,"column":4},"end":{"line":77,"column":null}},"30":{"start":{"line":74,"column":8},"end":{"line":74,"column":null}},"31":{"start":{"line":75,"column":24},"end":{"line":75,"column":null}},"32":{"start":{"line":76,"column":8},"end":{"line":76,"column":null}},"33":{"start":{"line":79,"column":4},"end":{"line":83,"column":null}},"34":{"start":{"line":80,"column":8},"end":{"line":80,"column":null}},"35":{"start":{"line":81,"column":24},"end":{"line":81,"column":null}},"36":{"start":{"line":82,"column":8},"end":{"line":82,"column":null}},"37":{"start":{"line":86,"column":4},"end":{"line":89,"column":null}},"38":{"start":{"line":92,"column":17},"end":{"line":92,"column":null}},"39":{"start":{"line":95,"column":26},"end":{"line":98,"column":null}},"40":{"start":{"line":101,"column":10},"end":{"line":101,"column":null}},"41":{"start":{"line":105,"column":4},"end":{"line":110,"column":null}},"42":{"start":{"line":106,"column":8},"end":{"line":106,"column":null}},"43":{"start":{"line":108,"column":8},"end":{"line":108,"column":null}},"44":{"start":{"line":109,"column":8},"end":{"line":109,"column":null}},"45":{"start":{"line":114,"column":4},"end":{"line":142,"column":null}},"46":{"start":{"line":115,"column":20},"end":{"line":115,"column":null}},"47":{"start":{"line":116,"column":25},"end":{"line":116,"column":null}},"48":{"start":{"line":119,"column":8},"end":{"line":121,"column":null}},"49":{"start":{"line":120,"column":12},"end":{"line":120,"column":null}},"50":{"start":{"line":124,"column":8},"end":{"line":133,"column":null}},"51":{"start":{"line":125,"column":12},"end":{"line":132,"column":null}},"52":{"start":{"line":126,"column":33},"end":{"line":126,"column":null}},"53":{"start":{"line":127,"column":22},"end":{"line":127,"column":null}},"54":{"start":{"line":128,"column":22},"end":{"line":128,"column":null}},"55":{"start":{"line":129,"column":16},"end":{"line":129,"column":null}},"56":{"start":{"line":131,"column":16},"end":{"line":131,"column":null}},"57":{"start":{"line":136,"column":8},"end":{"line":138,"column":null}},"58":{"start":{"line":137,"column":12},"end":{"line":137,"column":null}},"59":{"start":{"line":141,"column":8},"end":{"line":141,"column":null}},"60":{"start":{"line":145,"column":4},"end":{"line":145,"column":null}},"61":{"start":{"line":146,"column":4},"end":{"line":146,"column":null}},"62":{"start":{"line":148,"column":21},"end":{"line":148,"column":null}},"63":{"start":{"line":150,"column":10},"end":{"line":154,"column":null}},"64":{"start":{"line":151,"column":28},"end":{"line":151,"column":null}},"65":{"start":{"line":156,"column":4},"end":{"line":161,"column":null}},"66":{"start":{"line":157,"column":8},"end":{"line":160,"column":null}},"67":{"start":{"line":158,"column":12},"end":{"line":158,"column":null}},"68":{"start":{"line":159,"column":12},"end":{"line":159,"column":null}},"69":{"start":{"line":163,"column":4},"end":{"line":167,"column":null}},"70":{"start":{"line":164,"column":8},"end":{"line":164,"column":null}},"71":{"start":{"line":166,"column":8},"end":{"line":166,"column":null}},"72":{"start":{"line":170,"column":0},"end":{"line":173,"column":null}},"73":{"start":{"line":171,"column":4},"end":{"line":171,"column":null}},"74":{"start":{"line":172,"column":4},"end":{"line":172,"column":null}}},"fnMap":{"0":{"name":"(anonymous_0)","decl":{"start":{"line":20,"column":28},"end":{"line":20,"column":34}},"loc":{"start":{"line":20,"column":34},"end":{"line":23,"column":5}},"line":20},"1":{"name":"(anonymous_1)","decl":{"start":{"line":24,"column":30},"end":{"line":24,"column":36}},"loc":{"start":{"line":24,"column":36},"end":{"line":27,"column":5}},"line":24},"2":{"name":"(anonymous_2)","decl":{"start":{"line":28,"column":30},"end":{"line":28,"column":36}},"loc":{"start":{"line":28,"column":36},"end":{"line":31,"column":5}},"line":28},"3":{"name":"formatConsoleArg","decl":{"start":{"line":34,"column":9},"end":{"line":34,"column":26}},"loc":{"start":{"line":34,"column":48},"end":{"line":44,"column":null}},"line":34},"4":{"name":"startServer","decl":{"start":{"line":47,"column":15},"end":{"line":47,"column":29}},"loc":{"start":{"line":47,"column":29},"end":{"line":168,"column":null}},"line":47},"5":{"name":"(anonymous_5)","decl":{"start":{"line":61,"column":18},"end":{"line":61,"column":22}},"loc":{"start":{"line":61,"column":42},"end":{"line":65,"column":null}},"line":61},"6":{"name":"(anonymous_6)","decl":{"start":{"line":67,"column":20},"end":{"line":67,"column":24}},"loc":{"start":{"line":67,"column":44},"end":{"line":71,"column":null}},"line":67},"7":{"name":"(anonymous_7)","decl":{"start":{"line":73,"column":19},"end":{"line":73,"column":23}},"loc":{"start":{"line":73,"column":43},"end":{"line":77,"column":null}},"line":73},"8":{"name":"(anonymous_8)","decl":{"start":{"line":79,"column":20},"end":{"line":79,"column":24}},"loc":{"start":{"line":79,"column":44},"end":{"line":83,"column":null}},"line":79},"9":{"name":"(anonymous_9)","decl":{"start":{"line":114,"column":17},"end":{"line":114,"column":24}},"loc":{"start":{"line":114,"column":36},"end":{"line":142,"column":5}},"line":114},"10":{"name":"(anonymous_10)","decl":{"start":{"line":151,"column":15},"end":{"line":151,"column":16}},"loc":{"start":{"line":151,"column":28},"end":{"line":151,"column":null}},"line":151},"11":{"name":"(anonymous_11)","decl":{"start":{"line":156,"column":23},"end":{"line":156,"column":24}},"loc":{"start":{"line":156,"column":35},"end":{"line":161,"column":5}},"line":156},"12":{"name":"(anonymous_12)","decl":{"start":{"line":163,"column":27},"end":{"line":163,"column":33}},"loc":{"start":{"line":163,"column":33},"end":{"line":167,"column":5}},"line":163},"13":{"name":"(anonymous_13)","decl":{"start":{"line":170,"column":20},"end":{"line":170,"column":21}},"loc":{"start":{"line":170,"column":29},"end":{"line":173,"column":1}},"line":170}},"branchMap":{"0":{"loc":{"start":{"line":14,"column":16},"end":{"line":14,"column":null}},"type":"binary-expr","locations":[{"start":{"line":14,"column":16},"end":{"line":14,"column":39}},{"start":{"line":14,"column":28},"end":{"line":14,"column":null}}],"line":14},"1":{"loc":{"start":{"line":18,"column":0},"end":{"line":32,"column":null}},"type":"if","locations":[{"start":{"line":18,"column":0},"end":{"line":32,"column":null}},{"start":{},"end":{}}],"line":18},"2":{"loc":{"start":{"line":35,"column":4},"end":{"line":37,"column":null}},"type":"if","locations":[{"start":{"line":35,"column":4},"end":{"line":37,"column":null}},{"start":{},"end":{}}],"line":35},"3":{"loc":{"start":{"line":36,"column":15},"end":{"line":36,"column":null}},"type":"binary-expr","locations":[{"start":{"line":36,"column":15},"end":{"line":36,"column":28}},{"start":{"line":36,"column":28},"end":{"line":36,"column":null}}],"line":36},"4":{"loc":{"start":{"line":39,"column":4},"end":{"line":41,"column":null}},"type":"if","locations":[{"start":{"line":39,"column":4},"end":{"line":41,"column":null}},{"start":{},"end":{}}],"line":39},"5":{"loc":{"start":{"line":92,"column":26},"end":{"line":92,"column":54}},"type":"binary-expr","locations":[{"start":{"line":92,"column":26},"end":{"line":92,"column":46}},{"start":{"line":92,"column":46},"end":{"line":92,"column":54}}],"line":92},"6":{"loc":{"start":{"line":97,"column":20},"end":{"line":97,"column":null}},"type":"binary-expr","locations":[{"start":{"line":97,"column":20},"end":{"line":97,"column":46}},{"start":{"line":97,"column":46},"end":{"line":97,"column":null}}],"line":97},"7":{"loc":{"start":{"line":119,"column":8},"end":{"line":121,"column":null}},"type":"if","locations":[{"start":{"line":119,"column":8},"end":{"line":121,"column":null}},{"start":{},"end":{}}],"line":119},"8":{"loc":{"start":{"line":119,"column":12},"end":{"line":119,"column":85}},"type":"binary-expr","locations":[{"start":{"line":119,"column":12},"end":{"line":119,"column":47}},{"start":{"line":119,"column":47},"end":{"line":119,"column":85}}],"line":119},"9":{"loc":{"start":{"line":124,"column":8},"end":{"line":133,"column":null}},"type":"if","locations":[{"start":{"line":124,"column":8},"end":{"line":133,"column":null}},{"start":{},"end":{}}],"line":124},"10":{"loc":{"start":{"line":136,"column":8},"end":{"line":138,"column":null}},"type":"if","locations":[{"start":{"line":136,"column":8},"end":{"line":138,"column":null}},{"start":{},"end":{}}],"line":136},"11":{"loc":{"start":{"line":136,"column":12},"end":{"line":136,"column":103}},"type":"binary-expr","locations":[{"start":{"line":136,"column":12},"end":{"line":136,"column":43}},{"start":{"line":136,"column":43},"end":{"line":136,"column":75}},{"start":{"line":136,"column":75},"end":{"line":136,"column":103}}],"line":136},"12":{"loc":{"start":{"line":148,"column":21},"end":{"line":148,"column":null}},"type":"binary-expr","locations":[{"start":{"line":148,"column":21},"end":{"line":148,"column":41}},{"start":{"line":148,"column":41},"end":{"line":148,"column":null}}],"line":148},"13":{"loc":{"start":{"line":157,"column":8},"end":{"line":160,"column":null}},"type":"if","locations":[{"start":{"line":157,"column":8},"end":{"line":160,"column":null}},{"start":{},"end":{}}],"line":157}},"s":{"0":0,"1":0,"2":0,"3":0,"4":0,"5":0,"6":0,"7":0,"8":0,"9":0,"10":0,"11":0,"12":0,"13":0,"14":0,"15":0,"16":0,"17":0,"18":0,"19":0,"20":0,"21":0,"22":0,"23":0,"24":0,"25":0,"26":0,"27":0,"28":0,"29":0,"30":0,"31":0,"32":0,"33":0,"34":0,"35":0,"36":0,"37":0,"38":0,"39":0,"40":0,"41":0,"42":0,"43":0,"44":0,"45":0,"46":0,"47":0,"48":0,"49":0,"50":0,"51":0,"52":0,"53":0,"54":0,"55":0,"56":0,"57":0,"58":0,"59":0,"60":0,"61":0,"62":0,"63":0,"64":0,"65":0,"66":0,"67":0,"68":0,"69":0,"70":0,"71":0,"72":0,"73":0,"74":0},"f":{"0":0,"1":0,"2":0,"3":0,"4":0,"5":0,"6":0,"7":0,"8":0,"9":0,"10":0,"11":0,"12":0,"13":0},"b":{"0":[0,0],"1":[0,0],"2":[0,0],"3":[0,0],"4":[0,0],"5":[0,0],"6":[0,0],"7":[0,0],"8":[0,0],"9":[0,0],"10":[0,0],"11":[0,0,0],"12":[0,0],"13":[0,0]},"meta":{"lastBranch":14,"lastFunction":14,"lastStatement":75,"seen":{"s:12:0:12:Infinity":0,"s:14:16:14:Infinity":1,"b:14:16:14:39:14:28:14:Infinity":0,"b:18:0:32:Infinity:undefined:undefined:undefined:undefined":1,"s:18:0:32:Infinity":2,"s:19:4:19:Infinity":3,"s:20:4:23:Infinity":4,"f:20:28:20:34":0,"s:21:8:21:Infinity":5,"s:22:8:22:Infinity":6,"s:24:4:27:Infinity":7,"f:24:30:24:36":1,"s:25:8:25:Infinity":8,"s:26:8:26:Infinity":9,"s:28:4:31:Infinity":10,"f:28:30:28:36":2,"s:29:8:29:Infinity":11,"s:30:8:30:Infinity":12,"f:34:9:34:26":3,"b:35:4:37:Infinity:undefined:undefined:undefined:undefined":2,"s:35:4:37:Infinity":13,"s:36:8:36:Infinity":14,"b:36:15:36:28:36:28:36:Infinity":3,"b:39:4:41:Infinity:undefined:undefined:undefined:undefined":4,"s:39:4:41:Infinity":15,"s:40:8:40:Infinity":16,"s:43:4:43:Infinity":17,"f:47:15:47:29":4,"s:49:28:54:Infinity":18,"s:57:10:57:Infinity":19,"s:58:4:58:Infinity":20,"s:61:4:65:Infinity":21,"f:61:18:61:22":5,"s:62:8:62:Infinity":22,"s:63:24:63:Infinity":23,"s:64:8:64:Infinity":24,"s:67:4:71:Infinity":25,"f:67:20:67:24":6,"s:68:8:68:Infinity":26,"s:69:24:69:Infinity":27,"s:70:8:70:Infinity":28,"s:73:4:77:Infinity":29,"f:73:19:73:23":7,"s:74:8:74:Infinity":30,"s:75:24:75:Infinity":31,"s:76:8:76:Infinity":32,"s:79:4:83:Infinity":33,"f:79:20:79:24":8,"s:80:8:80:Infinity":34,"s:81:24:81:Infinity":35,"s:82:8:82:Infinity":36,"s:86:4:89:Infinity":37,"s:92:17:92:Infinity":38,"b:92:26:92:46:92:46:92:54":5,"s:95:26:98:Infinity":39,"b:97:20:97:46:97:46:97:Infinity":6,"s:101:10:101:Infinity":40,"s:105:4:110:Infinity":41,"s:106:8:106:Infinity":42,"s:108:8:108:Infinity":43,"s:109:8:109:Infinity":44,"s:114:4:142:Infinity":45,"f:114:17:114:24":9,"s:115:20:115:Infinity":46,"s:116:25:116:Infinity":47,"b:119:8:121:Infinity:undefined:undefined:undefined:undefined":7,"s:119:8:121:Infinity":48,"b:119:12:119:47:119:47:119:85":8,"s:120:12:120:Infinity":49,"b:124:8:133:Infinity:undefined:undefined:undefined:undefined":9,"s:124:8:133:Infinity":50,"s:125:12:132:Infinity":51,"s:126:33:126:Infinity":52,"s:127:22:127:Infinity":53,"s:128:22:128:Infinity":54,"s:129:16:129:Infinity":55,"s:131:16:131:Infinity":56,"b:136:8:138:Infinity:undefined:undefined:undefined:undefined":10,"s:136:8:138:Infinity":57,"b:136:12:136:43:136:43:136:75:136:75:136:103":11,"s:137:12:137:Infinity":58,"s:141:8:141:Infinity":59,"s:145:4:145:Infinity":60,"s:146:4:146:Infinity":61,"s:148:21:148:Infinity":62,"b:148:21:148:41:148:41:148:Infinity":12,"s:150:10:154:Infinity":63,"f:151:15:151:16":10,"s:151:28:151:Infinity":64,"s:156:4:161:Infinity":65,"f:156:23:156:24":11,"b:157:8:160:Infinity:undefined:undefined:undefined:undefined":13,"s:157:8:160:Infinity":66,"s:158:12:158:Infinity":67,"s:159:12:159:Infinity":68,"s:163:4:167:Infinity":69,"f:163:27:163:33":12,"s:164:8:164:Infinity":70,"s:166:8:166:Infinity":71,"s:170:0:173:Infinity":72,"f:170:20:170:21":13,"s:171:4:171:Infinity":73,"s:172:4:172:Infinity":74}}}
,"/Volumes/PDATA/GitDB/serverless_ai_gateway/src/routes.ts": {"path":"/Volumes/PDATA/GitDB/serverless_ai_gateway/src/routes.ts","statementMap":{"0":{"start":{"line":31,"column":59},"end":{"line":34,"column":null}},"1":{"start":{"line":32,"column":4},"end":{"line":32,"column":null}},"2":{"start":{"line":33,"column":4},"end":{"line":33,"column":null}},"3":{"start":{"line":36,"column":12},"end":{"line":36,"column":null}},"4":{"start":{"line":39,"column":0},"end":{"line":39,"column":null}},"5":{"start":{"line":42,"column":0},"end":{"line":49,"column":null}},"6":{"start":{"line":43,"column":18},"end":{"line":43,"column":null}},"7":{"start":{"line":44,"column":28},"end":{"line":44,"column":null}},"8":{"start":{"line":45,"column":17},"end":{"line":45,"column":null}},"9":{"start":{"line":46,"column":4},"end":{"line":46,"column":null}},"10":{"start":{"line":47,"column":4},"end":{"line":47,"column":null}},"11":{"start":{"line":48,"column":4},"end":{"line":48,"column":null}},"12":{"start":{"line":52,"column":0},"end":{"line":52,"column":null}},"13":{"start":{"line":55,"column":0},"end":{"line":81,"column":null}},"14":{"start":{"line":56,"column":18},"end":{"line":56,"column":null}},"15":{"start":{"line":57,"column":23},"end":{"line":57,"column":null}},"16":{"start":{"line":58,"column":20},"end":{"line":58,"column":null}},"17":{"start":{"line":61,"column":4},"end":{"line":61,"column":null}},"18":{"start":{"line":63,"column":4},"end":{"line":71,"column":null}},"19":{"start":{"line":64,"column":8},"end":{"line":70,"column":null}},"20":{"start":{"line":74,"column":4},"end":{"line":80,"column":null}},"21":{"start":{"line":84,"column":0},"end":{"line":84,"column":null}},"22":{"start":{"line":85,"column":0},"end":{"line":85,"column":null}},"23":{"start":{"line":86,"column":0},"end":{"line":86,"column":null}},"24":{"start":{"line":87,"column":0},"end":{"line":87,"column":null}},"25":{"start":{"line":88,"column":0},"end":{"line":88,"column":null}},"26":{"start":{"line":89,"column":0},"end":{"line":89,"column":null}},"27":{"start":{"line":90,"column":0},"end":{"line":90,"column":null}},"28":{"start":{"line":91,"column":0},"end":{"line":91,"column":null}},"29":{"start":{"line":92,"column":0},"end":{"line":92,"column":null}},"30":{"start":{"line":93,"column":0},"end":{"line":93,"column":null}},"31":{"start":{"line":94,"column":0},"end":{"line":94,"column":null}},"32":{"start":{"line":95,"column":0},"end":{"line":95,"column":null}},"33":{"start":{"line":98,"column":0},"end":{"line":98,"column":null}},"34":{"start":{"line":99,"column":0},"end":{"line":99,"column":null}},"35":{"start":{"line":100,"column":0},"end":{"line":100,"column":null}},"36":{"start":{"line":101,"column":0},"end":{"line":101,"column":null}},"37":{"start":{"line":102,"column":0},"end":{"line":102,"column":null}},"38":{"start":{"line":103,"column":0},"end":{"line":103,"column":null}},"39":{"start":{"line":104,"column":0},"end":{"line":104,"column":null}},"40":{"start":{"line":105,"column":0},"end":{"line":105,"column":null}},"41":{"start":{"line":106,"column":0},"end":{"line":106,"column":null}},"42":{"start":{"line":107,"column":0},"end":{"line":107,"column":null}},"43":{"start":{"line":108,"column":0},"end":{"line":108,"column":null}},"44":{"start":{"line":109,"column":0},"end":{"line":109,"column":null}},"45":{"start":{"line":110,"column":0},"end":{"line":110,"column":null}},"46":{"start":{"line":111,"column":0},"end":{"line":111,"column":null}},"47":{"start":{"line":112,"column":0},"end":{"line":112,"column":null}},"48":{"start":{"line":115,"column":0},"end":{"line":115,"column":null}},"49":{"start":{"line":116,"column":0},"end":{"line":116,"column":null}},"50":{"start":{"line":117,"column":0},"end":{"line":117,"column":null}},"51":{"start":{"line":118,"column":0},"end":{"line":118,"column":null}},"52":{"start":{"line":119,"column":0},"end":{"line":119,"column":null}},"53":{"start":{"line":122,"column":0},"end":{"line":122,"column":null}},"54":{"start":{"line":123,"column":0},"end":{"line":123,"column":null}},"55":{"start":{"line":124,"column":0},"end":{"line":124,"column":null}},"56":{"start":{"line":125,"column":0},"end":{"line":125,"column":null}},"57":{"start":{"line":126,"column":0},"end":{"line":126,"column":null}},"58":{"start":{"line":127,"column":0},"end":{"line":127,"column":null}},"59":{"start":{"line":130,"column":0},"end":{"line":130,"column":null}},"60":{"start":{"line":131,"column":0},"end":{"line":131,"column":null}},"61":{"start":{"line":134,"column":0},"end":{"line":134,"column":null}},"62":{"start":{"line":135,"column":0},"end":{"line":135,"column":null}},"63":{"start":{"line":136,"column":0},"end":{"line":136,"column":null}},"64":{"start":{"line":139,"column":0},"end":{"line":139,"column":null}},"65":{"start":{"line":140,"column":0},"end":{"line":140,"column":null}},"66":{"start":{"line":143,"column":0},"end":{"line":143,"column":null}},"67":{"start":{"line":144,"column":0},"end":{"line":144,"column":null}},"68":{"start":{"line":145,"column":0},"end":{"line":145,"column":null}},"69":{"start":{"line":148,"column":0},"end":{"line":156,"column":null}},"70":{"start":{"line":150,"column":23},"end":{"line":150,"column":null}},"71":{"start":{"line":151,"column":4},"end":{"line":153,"column":null}},"72":{"start":{"line":152,"column":8},"end":{"line":152,"column":null}},"73":{"start":{"line":154,"column":4},"end":{"line":154,"column":null}},"74":{"start":{"line":155,"column":4},"end":{"line":155,"column":null}},"75":{"start":{"line":160,"column":0},"end":{"line":203,"column":null}},"76":{"start":{"line":161,"column":16},"end":{"line":161,"column":null}},"77":{"start":{"line":162,"column":21},"end":{"line":162,"column":null}},"78":{"start":{"line":165,"column":4},"end":{"line":175,"column":null}},"79":{"start":{"line":174,"column":8},"end":{"line":174,"column":null}},"80":{"start":{"line":178,"column":4},"end":{"line":180,"column":null}},"81":{"start":{"line":179,"column":8},"end":{"line":179,"column":null}},"82":{"start":{"line":183,"column":4},"end":{"line":193,"column":null}},"83":{"start":{"line":184,"column":8},"end":{"line":192,"column":null}},"84":{"start":{"line":185,"column":29},"end":{"line":185,"column":null}},"85":{"start":{"line":186,"column":12},"end":{"line":189,"column":null}},"86":{"start":{"line":187,"column":29},"end":{"line":187,"column":null}},"87":{"start":{"line":188,"column":16},"end":{"line":188,"column":null}},"88":{"start":{"line":196,"column":4},"end":{"line":202,"column":null}},"89":{"start":{"line":197,"column":14},"end":{"line":197,"column":null}},"90":{"start":{"line":198,"column":14},"end":{"line":198,"column":null}},"91":{"start":{"line":199,"column":8},"end":{"line":199,"column":null}},"92":{"start":{"line":201,"column":8},"end":{"line":201,"column":null}},"93":{"start":{"line":206,"column":0},"end":{"line":213,"column":null}},"94":{"start":{"line":208,"column":4},"end":{"line":210,"column":null}},"95":{"start":{"line":209,"column":8},"end":{"line":209,"column":null}},"96":{"start":{"line":212,"column":4},"end":{"line":212,"column":null}}},"fnMap":{"0":{"name":"(anonymous_0)","decl":{"start":{"line":31,"column":59},"end":{"line":31,"column":66}},"loc":{"start":{"line":31,"column":78},"end":{"line":34,"column":null}},"line":31},"1":{"name":"(anonymous_1)","decl":{"start":{"line":42,"column":13},"end":{"line":42,"column":20}},"loc":{"start":{"line":42,"column":32},"end":{"line":49,"column":1}},"line":42},"2":{"name":"(anonymous_2)","decl":{"start":{"line":55,"column":12},"end":{"line":55,"column":13}},"loc":{"start":{"line":55,"column":24},"end":{"line":81,"column":1}},"line":55},"3":{"name":"(anonymous_3)","decl":{"start":{"line":148,"column":32},"end":{"line":148,"column":39}},"loc":{"start":{"line":148,"column":45},"end":{"line":156,"column":1}},"line":148},"4":{"name":"(anonymous_4)","decl":{"start":{"line":160,"column":13},"end":{"line":160,"column":20}},"loc":{"start":{"line":160,"column":32},"end":{"line":203,"column":1}},"line":160},"5":{"name":"(anonymous_5)","decl":{"start":{"line":206,"column":13},"end":{"line":206,"column":14}},"loc":{"start":{"line":206,"column":20},"end":{"line":213,"column":1}},"line":206}},"branchMap":{"0":{"loc":{"start":{"line":57,"column":23},"end":{"line":57,"column":null}},"type":"binary-expr","locations":[{"start":{"line":57,"column":23},"end":{"line":57,"column":53}},{"start":{"line":57,"column":53},"end":{"line":57,"column":null}}],"line":57},"1":{"loc":{"start":{"line":58,"column":20},"end":{"line":58,"column":null}},"type":"binary-expr","locations":[{"start":{"line":58,"column":20},"end":{"line":58,"column":47}},{"start":{"line":58,"column":47},"end":{"line":58,"column":null}}],"line":58},"2":{"loc":{"start":{"line":63,"column":4},"end":{"line":71,"column":null}},"type":"if","locations":[{"start":{"line":63,"column":4},"end":{"line":71,"column":null}},{"start":{},"end":{}}],"line":63},"3":{"loc":{"start":{"line":63,"column":8},"end":{"line":63,"column":37}},"type":"binary-expr","locations":[{"start":{"line":63,"column":8},"end":{"line":63,"column":28}},{"start":{"line":63,"column":28},"end":{"line":63,"column":37}}],"line":63},"4":{"loc":{"start":{"line":150,"column":23},"end":{"line":150,"column":null}},"type":"binary-expr","locations":[{"start":{"line":150,"column":23},"end":{"line":150,"column":49}},{"start":{"line":150,"column":49},"end":{"line":150,"column":null}}],"line":150},"5":{"loc":{"start":{"line":151,"column":4},"end":{"line":153,"column":null}},"type":"if","locations":[{"start":{"line":151,"column":4},"end":{"line":153,"column":null}},{"start":{},"end":{}}],"line":151},"6":{"loc":{"start":{"line":165,"column":4},"end":{"line":175,"column":null}},"type":"if","locations":[{"start":{"line":165,"column":4},"end":{"line":175,"column":null}},{"start":{},"end":{}}],"line":165},"7":{"loc":{"start":{"line":165,"column":8},"end":{"line":173,"column":35}},"type":"binary-expr","locations":[{"start":{"line":165,"column":8},"end":{"line":165,"column":null}},{"start":{"line":166,"column":8},"end":{"line":166,"column":null}},{"start":{"line":167,"column":8},"end":{"line":167,"column":null}},{"start":{"line":168,"column":8},"end":{"line":168,"column":null}},{"start":{"line":169,"column":8},"end":{"line":169,"column":null}},{"start":{"line":170,"column":8},"end":{"line":170,"column":null}},{"start":{"line":171,"column":8},"end":{"line":171,"column":null}},{"start":{"line":172,"column":8},"end":{"line":172,"column":null}},{"start":{"line":173,"column":8},"end":{"line":173,"column":35}}],"line":165},"8":{"loc":{"start":{"line":178,"column":4},"end":{"line":180,"column":null}},"type":"if","locations":[{"start":{"line":178,"column":4},"end":{"line":180,"column":null}},{"start":{},"end":{}}],"line":178},"9":{"loc":{"start":{"line":178,"column":8},"end":{"line":178,"column":67}},"type":"binary-expr","locations":[{"start":{"line":178,"column":8},"end":{"line":178,"column":39}},{"start":{"line":178,"column":39},"end":{"line":178,"column":67}}],"line":178},"10":{"loc":{"start":{"line":183,"column":4},"end":{"line":193,"column":null}},"type":"if","locations":[{"start":{"line":183,"column":4},"end":{"line":193,"column":null}},{"start":{},"end":{}}],"line":183},"11":{"loc":{"start":{"line":186,"column":12},"end":{"line":189,"column":null}},"type":"if","locations":[{"start":{"line":186,"column":12},"end":{"line":189,"column":null}},{"start":{},"end":{}}],"line":186},"12":{"loc":{"start":{"line":208,"column":4},"end":{"line":210,"column":null}},"type":"if","locations":[{"start":{"line":208,"column":4},"end":{"line":210,"column":null}},{"start":{},"end":{}}],"line":208},"13":{"loc":{"start":{"line":208,"column":8},"end":{"line":208,"column":71}},"type":"binary-expr","locations":[{"start":{"line":208,"column":8},"end":{"line":208,"column":41}},{"start":{"line":208,"column":41},"end":{"line":208,"column":71}}],"line":208}},"s":{"0":0,"1":0,"2":0,"3":0,"4":0,"5":0,"6":0,"7":0,"8":0,"9":0,"10":0,"11":0,"12":0,"13":0,"14":0,"15":0,"16":0,"17":0,"18":0,"19":0,"20":0,"21":0,"22":0,"23":0,"24":0,"25":0,"26":0,"27":0,"28":0,"29":0,"30":0,"31":0,"32":0,"33":0,"34":0,"35":0,"36":0,"37":0,"38":0,"39":0,"40":0,"41":0,"42":0,"43":0,"44":0,"45":0,"46":0,"47":0,"48":0,"49":0,"50":0,"51":0,"52":0,"53":0,"54":0,"55":0,"56":0,"57":0,"58":0,"59":0,"60":0,"61":0,"62":0,"63":0,"64":0,"65":0,"66":0,"67":0,"68":0,"69":0,"70":0,"71":0,"72":0,"73":0,"74":0,"75":0,"76":0,"77":0,"78":0,"79":0,"80":0,"81":0,"82":0,"83":0,"84":0,"85":0,"86":0,"87":0,"88":0,"89":0,"90":0,"91":0,"92":0,"93":0,"94":0,"95":0,"96":0},"f":{"0":0,"1":0,"2":0,"3":0,"4":0,"5":0},"b":{"0":[0,0],"1":[0,0],"2":[0,0],"3":[0,0],"4":[0,0],"5":[0,0],"6":[0,0],"7":[0,0,0,0,0,0,0,0,0],"8":[0,0],"9":[0,0],"10":[0,0],"11":[0,0],"12":[0,0],"13":[0,0]},"meta":{"lastBranch":14,"lastFunction":6,"lastStatement":97,"seen":{"s:31:59:34:Infinity":0,"f:31:59:31:66":0,"s:32:4:32:Infinity":1,"s:33:4:33:Infinity":2,"s:36:12:36:Infinity":3,"s:39:0:39:Infinity":4,"s:42:0:49:Infinity":5,"f:42:13:42:20":1,"s:43:18:43:Infinity":6,"s:44:28:44:Infinity":7,"s:45:17:45:Infinity":8,"s:46:4:46:Infinity":9,"s:47:4:47:Infinity":10,"s:48:4:48:Infinity":11,"s:52:0:52:Infinity":12,"s:55:0:81:Infinity":13,"f:55:12:55:13":2,"s:56:18:56:Infinity":14,"s:57:23:57:Infinity":15,"b:57:23:57:53:57:53:57:Infinity":0,"s:58:20:58:Infinity":16,"b:58:20:58:47:58:47:58:Infinity":1,"s:61:4:61:Infinity":17,"b:63:4:71:Infinity:undefined:undefined:undefined:undefined":2,"s:63:4:71:Infinity":18,"b:63:8:63:28:63:28:63:37":3,"s:64:8:70:Infinity":19,"s:74:4:80:Infinity":20,"s:84:0:84:Infinity":21,"s:85:0:85:Infinity":22,"s:86:0:86:Infinity":23,"s:87:0:87:Infinity":24,"s:88:0:88:Infinity":25,"s:89:0:89:Infinity":26,"s:90:0:90:Infinity":27,"s:91:0:91:Infinity":28,"s:92:0:92:Infinity":29,"s:93:0:93:Infinity":30,"s:94:0:94:Infinity":31,"s:95:0:95:Infinity":32,"s:98:0:98:Infinity":33,"s:99:0:99:Infinity":34,"s:100:0:100:Infinity":35,"s:101:0:101:Infinity":36,"s:102:0:102:Infinity":37,"s:103:0:103:Infinity":38,"s:104:0:104:Infinity":39,"s:105:0:105:Infinity":40,"s:106:0:106:Infinity":41,"s:107:0:107:Infinity":42,"s:108:0:108:Infinity":43,"s:109:0:109:Infinity":44,"s:110:0:110:Infinity":45,"s:111:0:111:Infinity":46,"s:112:0:112:Infinity":47,"s:115:0:115:Infinity":48,"s:116:0:116:Infinity":49,"s:117:0:117:Infinity":50,"s:118:0:118:Infinity":51,"s:119:0:119:Infinity":52,"s:122:0:122:Infinity":53,"s:123:0:123:Infinity":54,"s:124:0:124:Infinity":55,"s:125:0:125:Infinity":56,"s:126:0:126:Infinity":57,"s:127:0:127:Infinity":58,"s:130:0:130:Infinity":59,"s:131:0:131:Infinity":60,"s:134:0:134:Infinity":61,"s:135:0:135:Infinity":62,"s:136:0:136:Infinity":63,"s:139:0:139:Infinity":64,"s:140:0:140:Infinity":65,"s:143:0:143:Infinity":66,"s:144:0:144:Infinity":67,"s:145:0:145:Infinity":68,"s:148:0:156:Infinity":69,"f:148:32:148:39":3,"s:150:23:150:Infinity":70,"b:150:23:150:49:150:49:150:Infinity":4,"b:151:4:153:Infinity:undefined:undefined:undefined:undefined":5,"s:151:4:153:Infinity":71,"s:152:8:152:Infinity":72,"s:154:4:154:Infinity":73,"s:155:4:155:Infinity":74,"s:160:0:203:Infinity":75,"f:160:13:160:20":4,"s:161:16:161:Infinity":76,"s:162:21:162:Infinity":77,"b:165:4:175:Infinity:undefined:undefined:undefined:undefined":6,"s:165:4:175:Infinity":78,"b:165:8:165:Infinity:166:8:166:Infinity:167:8:167:Infinity:168:8:168:Infinity:169:8:169:Infinity:170:8:170:Infinity:171:8:171:Infinity:172:8:172:Infinity:173:8:173:35":7,"s:174:8:174:Infinity":79,"b:178:4:180:Infinity:undefined:undefined:undefined:undefined":8,"s:178:4:180:Infinity":80,"b:178:8:178:39:178:39:178:67":9,"s:179:8:179:Infinity":81,"b:183:4:193:Infinity:undefined:undefined:undefined:undefined":10,"s:183:4:193:Infinity":82,"s:184:8:192:Infinity":83,"s:185:29:185:Infinity":84,"b:186:12:189:Infinity:undefined:undefined:undefined:undefined":11,"s:186:12:189:Infinity":85,"s:187:29:187:Infinity":86,"s:188:16:188:Infinity":87,"s:196:4:202:Infinity":88,"s:197:14:197:Infinity":89,"s:198:14:198:Infinity":90,"s:199:8:199:Infinity":91,"s:201:8:201:Infinity":92,"s:206:0:213:Infinity":93,"f:206:13:206:14":5,"b:208:4:210:Infinity:undefined:undefined:undefined:undefined":12,"s:208:4:210:Infinity":94,"b:208:8:208:41:208:41:208:71":13,"s:209:8:209:Infinity":95,"s:212:4:212:Infinity":96}}}
,"/Volumes/PDATA/GitDB/serverless_ai_gateway/src/types.d.ts": {"path":"/Volumes/PDATA/GitDB/serverless_ai_gateway/src/types.d.ts","statementMap":{},"fnMap":{},"branchMap":{},"s":{},"f":{},"b":{},"meta":{"lastBranch":0,"lastFunction":0,"lastStatement":0,"seen":{}}}
,"/Volumes/PDATA/GitDB/serverless_ai_gateway/src/controller/balanceController.ts": {"path":"/Volumes/PDATA/GitDB/serverless_ai_gateway/src/controller/balanceController.ts","statementMap":{"0":{"start":{"line":6,"column":18},"end":{"line":6,"column":null}},"1":{"start":{"line":7,"column":19},"end":{"line":7,"column":null}},"2":{"start":{"line":8,"column":17},"end":{"line":8,"column":null}},"3":{"start":{"line":9,"column":29},"end":{"line":9,"column":null}},"4":{"start":{"line":11,"column":4},"end":{"line":25,"column":null}},"5":{"start":{"line":12,"column":24},"end":{"line":17,"column":null}},"6":{"start":{"line":18,"column":8},"end":{"line":18,"column":null}},"7":{"start":{"line":20,"column":8},"end":{"line":20,"column":null}},"8":{"start":{"line":21,"column":8},"end":{"line":24,"column":null}},"9":{"start":{"line":29,"column":15},"end":{"line":29,"column":null}},"10":{"start":{"line":30,"column":21},"end":{"line":30,"column":null}},"11":{"start":{"line":32,"column":4},"end":{"line":34,"column":null}},"12":{"start":{"line":33,"column":8},"end":{"line":33,"column":null}},"13":{"start":{"line":36,"column":4},"end":{"line":48,"column":null}},"14":{"start":{"line":37,"column":23},"end":{"line":37,"column":null}},"15":{"start":{"line":38,"column":8},"end":{"line":40,"column":null}},"16":{"start":{"line":39,"column":12},"end":{"line":39,"column":null}},"17":{"start":{"line":41,"column":8},"end":{"line":41,"column":null}},"18":{"start":{"line":43,"column":8},"end":{"line":43,"column":null}},"19":{"start":{"line":44,"column":8},"end":{"line":47,"column":null}}},"fnMap":{"0":{"name":"listRechargeRecords","decl":{"start":{"line":5,"column":15},"end":{"line":5,"column":35}},"loc":{"start":{"line":5,"column":47},"end":{"line":26,"column":null}},"line":5},"1":{"name":"getRechargeRecord","decl":{"start":{"line":28,"column":15},"end":{"line":28,"column":33}},"loc":{"start":{"line":28,"column":45},"end":{"line":49,"column":null}},"line":28}},"branchMap":{"0":{"loc":{"start":{"line":7,"column":19},"end":{"line":7,"column":null}},"type":"cond-expr","locations":[{"start":{"line":7,"column":35},"end":{"line":7,"column":65}},{"start":{"line":7,"column":65},"end":{"line":7,"column":null}}],"line":7},"1":{"loc":{"start":{"line":32,"column":4},"end":{"line":34,"column":null}},"type":"if","locations":[{"start":{"line":32,"column":4},"end":{"line":34,"column":null}},{"start":{},"end":{}}],"line":32},"2":{"loc":{"start":{"line":38,"column":8},"end":{"line":40,"column":null}},"type":"if","locations":[{"start":{"line":38,"column":8},"end":{"line":40,"column":null}},{"start":{},"end":{}}],"line":38}},"s":{"0":0,"1":0,"2":0,"3":0,"4":0,"5":0,"6":0,"7":0,"8":0,"9":0,"10":0,"11":0,"12":0,"13":0,"14":0,"15":0,"16":0,"17":0,"18":0,"19":0},"f":{"0":0,"1":0},"b":{"0":[0,0],"1":[0,0],"2":[0,0]},"meta":{"lastBranch":3,"lastFunction":2,"lastStatement":20,"seen":{"f:5:15:5:35":0,"s:6:18:6:Infinity":0,"s:7:19:7:Infinity":1,"b:7:35:7:65:7:65:7:Infinity":0,"s:8:17:8:Infinity":2,"s:9:29:9:Infinity":3,"s:11:4:25:Infinity":4,"s:12:24:17:Infinity":5,"s:18:8:18:Infinity":6,"s:20:8:20:Infinity":7,"s:21:8:24:Infinity":8,"f:28:15:28:33":1,"s:29:15:29:Infinity":9,"s:30:21:30:Infinity":10,"b:32:4:34:Infinity:undefined:undefined:undefined:undefined":1,"s:32:4:34:Infinity":11,"s:33:8:33:Infinity":12,"s:36:4:48:Infinity":13,"s:37:23:37:Infinity":14,"b:38:8:40:Infinity:undefined:undefined:undefined:undefined":2,"s:38:8:40:Infinity":15,"s:39:12:39:Infinity":16,"s:41:8:41:Infinity":17,"s:43:8:43:Infinity":18,"s:44:8:47:Infinity":19}}}
,"/Volumes/PDATA/GitDB/serverless_ai_gateway/src/controller/clientConfigController.ts": {"path":"/Volumes/PDATA/GitDB/serverless_ai_gateway/src/controller/clientConfigController.ts","statementMap":{"0":{"start":{"line":6,"column":4},"end":{"line":6,"column":null}},"1":{"start":{"line":11,"column":17},"end":{"line":11,"column":null}},"2":{"start":{"line":12,"column":4},"end":{"line":12,"column":null}},"3":{"start":{"line":17,"column":17},"end":{"line":17,"column":null}},"4":{"start":{"line":18,"column":4},"end":{"line":18,"column":null}},"5":{"start":{"line":23,"column":17},"end":{"line":23,"column":null}},"6":{"start":{"line":24,"column":4},"end":{"line":24,"column":null}},"7":{"start":{"line":29,"column":17},"end":{"line":29,"column":null}},"8":{"start":{"line":30,"column":4},"end":{"line":30,"column":null}},"9":{"start":{"line":35,"column":17},"end":{"line":35,"column":null}},"10":{"start":{"line":36,"column":4},"end":{"line":36,"column":null}},"11":{"start":{"line":40,"column":17},"end":{"line":40,"column":null}},"12":{"start":{"line":41,"column":4},"end":{"line":41,"column":null}}},"fnMap":{"0":{"name":"status","decl":{"start":{"line":5,"column":15},"end":{"line":5,"column":22}},"loc":{"start":{"line":5,"column":34},"end":{"line":7,"column":null}},"line":5},"1":{"name":"create","decl":{"start":{"line":10,"column":15},"end":{"line":10,"column":22}},"loc":{"start":{"line":10,"column":34},"end":{"line":13,"column":null}},"line":10},"2":{"name":"backup","decl":{"start":{"line":16,"column":15},"end":{"line":16,"column":22}},"loc":{"start":{"line":16,"column":34},"end":{"line":19,"column":null}},"line":16},"3":{"name":"renameBackup","decl":{"start":{"line":22,"column":15},"end":{"line":22,"column":28}},"loc":{"start":{"line":22,"column":40},"end":{"line":25,"column":null}},"line":22},"4":{"name":"deleteBackup","decl":{"start":{"line":28,"column":15},"end":{"line":28,"column":28}},"loc":{"start":{"line":28,"column":40},"end":{"line":31,"column":null}},"line":28},"5":{"name":"apply","decl":{"start":{"line":34,"column":15},"end":{"line":34,"column":21}},"loc":{"start":{"line":34,"column":33},"end":{"line":37,"column":null}},"line":34},"6":{"name":"updateBackup","decl":{"start":{"line":39,"column":15},"end":{"line":39,"column":28}},"loc":{"start":{"line":39,"column":40},"end":{"line":42,"column":null}},"line":39}},"branchMap":{},"s":{"0":0,"1":0,"2":0,"3":0,"4":0,"5":0,"6":0,"7":0,"8":0,"9":0,"10":0,"11":0,"12":0},"f":{"0":0,"1":0,"2":0,"3":0,"4":0,"5":0,"6":0},"b":{},"meta":{"lastBranch":0,"lastFunction":7,"lastStatement":13,"seen":{"f:5:15:5:22":0,"s:6:4:6:Infinity":0,"f:10:15:10:22":1,"s:11:17:11:Infinity":1,"s:12:4:12:Infinity":2,"f:16:15:16:22":2,"s:17:17:17:Infinity":3,"s:18:4:18:Infinity":4,"f:22:15:22:28":3,"s:23:17:23:Infinity":5,"s:24:4:24:Infinity":6,"f:28:15:28:28":4,"s:29:17:29:Infinity":7,"s:30:4:30:Infinity":8,"f:34:15:34:21":5,"s:35:17:35:Infinity":9,"s:36:4:36:Infinity":10,"f:39:15:39:28":6,"s:40:17:40:Infinity":11,"s:41:4:41:Infinity":12}}}
,"/Volumes/PDATA/GitDB/serverless_ai_gateway/src/controller/configController.ts": {"path":"/Volumes/PDATA/GitDB/serverless_ai_gateway/src/controller/configController.ts","statementMap":{"0":{"start":{"line":6,"column":4},"end":{"line":6,"column":null}},"1":{"start":{"line":7,"column":4},"end":{"line":7,"column":null}},"2":{"start":{"line":11,"column":17},"end":{"line":11,"column":null}},"3":{"start":{"line":12,"column":4},"end":{"line":12,"column":null}}},"fnMap":{"0":{"name":"getConfig","decl":{"start":{"line":5,"column":15},"end":{"line":5,"column":25}},"loc":{"start":{"line":5,"column":37},"end":{"line":8,"column":null}},"line":5},"1":{"name":"updateConfig","decl":{"start":{"line":10,"column":15},"end":{"line":10,"column":28}},"loc":{"start":{"line":10,"column":40},"end":{"line":13,"column":null}},"line":10}},"branchMap":{},"s":{"0":0,"1":0,"2":0,"3":0},"f":{"0":0,"1":0},"b":{},"meta":{"lastBranch":0,"lastFunction":2,"lastStatement":4,"seen":{"f:5:15:5:25":0,"s:6:4:6:Infinity":0,"s:7:4:7:Infinity":1,"f:10:15:10:28":1,"s:11:17:11:Infinity":2,"s:12:4:12:Infinity":3}}}
,"/Volumes/PDATA/GitDB/serverless_ai_gateway/src/controller/gatewayController.ts": {"path":"/Volumes/PDATA/GitDB/serverless_ai_gateway/src/controller/gatewayController.ts","statementMap":{"0":{"start":{"line":11,"column":23},"end":{"line":11,"column":null}},"1":{"start":{"line":12,"column":4},"end":{"line":12,"column":null}},"2":{"start":{"line":15,"column":23},"end":{"line":15,"column":null}},"3":{"start":{"line":17,"column":4},"end":{"line":19,"column":null}},"4":{"start":{"line":18,"column":8},"end":{"line":18,"column":null}},"5":{"start":{"line":22,"column":4},"end":{"line":24,"column":null}},"6":{"start":{"line":23,"column":8},"end":{"line":23,"column":null}},"7":{"start":{"line":27,"column":18},"end":{"line":27,"column":null}},"8":{"start":{"line":28,"column":17},"end":{"line":28,"column":null}},"9":{"start":{"line":30,"column":4},"end":{"line":32,"column":null}},"10":{"start":{"line":31,"column":8},"end":{"line":31,"column":null}},"11":{"start":{"line":34,"column":4},"end":{"line":36,"column":null}},"12":{"start":{"line":35,"column":8},"end":{"line":35,"column":null}},"13":{"start":{"line":39,"column":19},"end":{"line":39,"column":null}},"14":{"start":{"line":40,"column":4},"end":{"line":40,"column":null}},"15":{"start":{"line":43,"column":20},"end":{"line":43,"column":null}},"16":{"start":{"line":44,"column":38},"end":{"line":44,"column":null}},"17":{"start":{"line":45,"column":4},"end":{"line":45,"column":null}},"18":{"start":{"line":47,"column":4},"end":{"line":49,"column":null}},"19":{"start":{"line":48,"column":8},"end":{"line":48,"column":null}},"20":{"start":{"line":52,"column":36},"end":{"line":54,"column":null}},"21":{"start":{"line":55,"column":4},"end":{"line":55,"column":null}},"22":{"start":{"line":57,"column":4},"end":{"line":59,"column":null}},"23":{"start":{"line":58,"column":8},"end":{"line":58,"column":null}},"24":{"start":{"line":61,"column":4},"end":{"line":61,"column":null}},"25":{"start":{"line":65,"column":23},"end":{"line":65,"column":null}},"26":{"start":{"line":66,"column":4},"end":{"line":66,"column":null}},"27":{"start":{"line":69,"column":19},"end":{"line":69,"column":null}},"28":{"start":{"line":70,"column":16},"end":{"line":70,"column":null}},"29":{"start":{"line":72,"column":4},"end":{"line":78,"column":null}},"30":{"start":{"line":74,"column":27},"end":{"line":74,"column":null}},"31":{"start":{"line":75,"column":8},"end":{"line":77,"column":null}},"32":{"start":{"line":76,"column":12},"end":{"line":76,"column":null}},"33":{"start":{"line":80,"column":4},"end":{"line":85,"column":null}},"34":{"start":{"line":81,"column":8},"end":{"line":84,"column":null}},"35":{"start":{"line":87,"column":17},"end":{"line":87,"column":null}},"36":{"start":{"line":89,"column":4},"end":{"line":91,"column":null}},"37":{"start":{"line":90,"column":8},"end":{"line":90,"column":null}},"38":{"start":{"line":93,"column":4},"end":{"line":95,"column":null}},"39":{"start":{"line":94,"column":8},"end":{"line":94,"column":null}},"40":{"start":{"line":98,"column":19},"end":{"line":98,"column":null}},"41":{"start":{"line":99,"column":4},"end":{"line":99,"column":null}},"42":{"start":{"line":102,"column":20},"end":{"line":102,"column":null}},"43":{"start":{"line":103,"column":38},"end":{"line":103,"column":null}},"44":{"start":{"line":104,"column":4},"end":{"line":104,"column":null}},"45":{"start":{"line":106,"column":4},"end":{"line":108,"column":null}},"46":{"start":{"line":107,"column":8},"end":{"line":107,"column":null}},"47":{"start":{"line":111,"column":36},"end":{"line":113,"column":null}},"48":{"start":{"line":114,"column":4},"end":{"line":114,"column":null}},"49":{"start":{"line":116,"column":4},"end":{"line":118,"column":null}},"50":{"start":{"line":117,"column":8},"end":{"line":117,"column":null}},"51":{"start":{"line":120,"column":4},"end":{"line":120,"column":null}},"52":{"start":{"line":124,"column":23},"end":{"line":124,"column":null}},"53":{"start":{"line":126,"column":23},"end":{"line":126,"column":null}},"54":{"start":{"line":127,"column":4},"end":{"line":129,"column":null}},"55":{"start":{"line":128,"column":8},"end":{"line":128,"column":null}},"56":{"start":{"line":130,"column":4},"end":{"line":132,"column":null}},"57":{"start":{"line":131,"column":8},"end":{"line":131,"column":null}},"58":{"start":{"line":134,"column":18},"end":{"line":134,"column":null}},"59":{"start":{"line":135,"column":17},"end":{"line":135,"column":null}},"60":{"start":{"line":136,"column":4},"end":{"line":138,"column":null}},"61":{"start":{"line":137,"column":8},"end":{"line":137,"column":null}},"62":{"start":{"line":139,"column":4},"end":{"line":141,"column":null}},"63":{"start":{"line":140,"column":8},"end":{"line":140,"column":null}},"64":{"start":{"line":143,"column":19},"end":{"line":143,"column":null}},"65":{"start":{"line":144,"column":22},"end":{"line":144,"column":null}},"66":{"start":{"line":145,"column":40},"end":{"line":145,"column":null}},"67":{"start":{"line":146,"column":4},"end":{"line":148,"column":null}},"68":{"start":{"line":147,"column":8},"end":{"line":147,"column":null}},"69":{"start":{"line":150,"column":36},"end":{"line":150,"column":null}},"70":{"start":{"line":151,"column":4},"end":{"line":153,"column":null}},"71":{"start":{"line":152,"column":8},"end":{"line":152,"column":null}},"72":{"start":{"line":155,"column":4},"end":{"line":155,"column":null}}},"fnMap":{"0":{"name":"chatCompletions","decl":{"start":{"line":10,"column":15},"end":{"line":10,"column":31}},"loc":{"start":{"line":10,"column":43},"end":{"line":62,"column":null}},"line":10},"1":{"name":"anthropicMessages","decl":{"start":{"line":64,"column":15},"end":{"line":64,"column":33}},"loc":{"start":{"line":64,"column":45},"end":{"line":121,"column":null}},"line":64},"2":{"name":"responsesApi","decl":{"start":{"line":123,"column":15},"end":{"line":123,"column":28}},"loc":{"start":{"line":123,"column":40},"end":{"line":156,"column":null}},"line":123}},"branchMap":{"0":{"loc":{"start":{"line":17,"column":4},"end":{"line":19,"column":null}},"type":"if","locations":[{"start":{"line":17,"column":4},"end":{"line":19,"column":null}},{"start":{},"end":{}}],"line":17},"1":{"loc":{"start":{"line":22,"column":4},"end":{"line":24,"column":null}},"type":"if","locations":[{"start":{"line":22,"column":4},"end":{"line":24,"column":null}},{"start":{},"end":{}}],"line":22},"2":{"loc":{"start":{"line":30,"column":4},"end":{"line":32,"column":null}},"type":"if","locations":[{"start":{"line":30,"column":4},"end":{"line":32,"column":null}},{"start":{},"end":{}}],"line":30},"3":{"loc":{"start":{"line":34,"column":4},"end":{"line":36,"column":null}},"type":"if","locations":[{"start":{"line":34,"column":4},"end":{"line":36,"column":null}},{"start":{},"end":{}}],"line":34},"4":{"loc":{"start":{"line":47,"column":4},"end":{"line":49,"column":null}},"type":"if","locations":[{"start":{"line":47,"column":4},"end":{"line":49,"column":null}},{"start":{},"end":{}}],"line":47},"5":{"loc":{"start":{"line":57,"column":4},"end":{"line":59,"column":null}},"type":"if","locations":[{"start":{"line":57,"column":4},"end":{"line":59,"column":null}},{"start":{},"end":{}}],"line":57},"6":{"loc":{"start":{"line":72,"column":4},"end":{"line":78,"column":null}},"type":"if","locations":[{"start":{"line":72,"column":4},"end":{"line":78,"column":null}},{"start":{},"end":{}}],"line":72},"7":{"loc":{"start":{"line":75,"column":8},"end":{"line":77,"column":null}},"type":"if","locations":[{"start":{"line":75,"column":8},"end":{"line":77,"column":null}},{"start":{},"end":{}}],"line":75},"8":{"loc":{"start":{"line":75,"column":12},"end":{"line":75,"column":60}},"type":"binary-expr","locations":[{"start":{"line":75,"column":12},"end":{"line":75,"column":26}},{"start":{"line":75,"column":26},"end":{"line":75,"column":60}}],"line":75},"9":{"loc":{"start":{"line":80,"column":4},"end":{"line":85,"column":null}},"type":"if","locations":[{"start":{"line":80,"column":4},"end":{"line":85,"column":null}},{"start":{},"end":{}}],"line":80},"10":{"loc":{"start":{"line":89,"column":4},"end":{"line":91,"column":null}},"type":"if","locations":[{"start":{"line":89,"column":4},"end":{"line":91,"column":null}},{"start":{},"end":{}}],"line":89},"11":{"loc":{"start":{"line":93,"column":4},"end":{"line":95,"column":null}},"type":"if","locations":[{"start":{"line":93,"column":4},"end":{"line":95,"column":null}},{"start":{},"end":{}}],"line":93},"12":{"loc":{"start":{"line":106,"column":4},"end":{"line":108,"column":null}},"type":"if","locations":[{"start":{"line":106,"column":4},"end":{"line":108,"column":null}},{"start":{},"end":{}}],"line":106},"13":{"loc":{"start":{"line":116,"column":4},"end":{"line":118,"column":null}},"type":"if","locations":[{"start":{"line":116,"column":4},"end":{"line":118,"column":null}},{"start":{},"end":{}}],"line":116},"14":{"loc":{"start":{"line":127,"column":4},"end":{"line":129,"column":null}},"type":"if","locations":[{"start":{"line":127,"column":4},"end":{"line":129,"column":null}},{"start":{},"end":{}}],"line":127},"15":{"loc":{"start":{"line":130,"column":4},"end":{"line":132,"column":null}},"type":"if","locations":[{"start":{"line":130,"column":4},"end":{"line":132,"column":null}},{"start":{},"end":{}}],"line":130},"16":{"loc":{"start":{"line":136,"column":4},"end":{"line":138,"column":null}},"type":"if","locations":[{"start":{"line":136,"column":4},"end":{"line":138,"column":null}},{"start":{},"end":{}}],"line":136},"17":{"loc":{"start":{"line":139,"column":4},"end":{"line":141,"column":null}},"type":"if","locations":[{"start":{"line":139,"column":4},"end":{"line":141,"column":null}},{"start":{},"end":{}}],"line":139},"18":{"loc":{"start":{"line":146,"column":4},"end":{"line":148,"column":null}},"type":"if","locations":[{"start":{"line":146,"column":4},"end":{"line":148,"column":null}},{"start":{},"end":{}}],"line":146},"19":{"loc":{"start":{"line":151,"column":4},"end":{"line":153,"column":null}},"type":"if","locations":[{"start":{"line":151,"column":4},"end":{"line":153,"column":null}},{"start":{},"end":{}}],"line":151}},"s":{"0":0,"1":0,"2":0,"3":0,"4":0,"5":0,"6":0,"7":0,"8":0,"9":0,"10":0,"11":0,"12":0,"13":0,"14":0,"15":0,"16":0,"17":0,"18":0,"19":0,"20":0,"21":0,"22":0,"23":0,"24":0,"25":0,"26":0,"27":0,"28":0,"29":0,"30":0,"31":0,"32":0,"33":0,"34":0,"35":0,"36":0,"37":0,"38":0,"39":0,"40":0,"41":0,"42":0,"43":0,"44":0,"45":0,"46":0,"47":0,"48":0,"49":0,"50":0,"51":0,"52":0,"53":0,"54":0,"55":0,"56":0,"57":0,"58":0,"59":0,"60":0,"61":0,"62":0,"63":0,"64":0,"65":0,"66":0,"67":0,"68":0,"69":0,"70":0,"71":0,"72":0},"f":{"0":0,"1":0,"2":0},"b":{"0":[0,0],"1":[0,0],"2":[0,0],"3":[0,0],"4":[0,0],"5":[0,0],"6":[0,0],"7":[0,0],"8":[0,0],"9":[0,0],"10":[0,0],"11":[0,0],"12":[0,0],"13":[0,0],"14":[0,0],"15":[0,0],"16":[0,0],"17":[0,0],"18":[0,0],"19":[0,0]},"meta":{"lastBranch":20,"lastFunction":3,"lastStatement":73,"seen":{"f:10:15:10:31":0,"s:11:23:11:Infinity":0,"s:12:4:12:Infinity":1,"s:15:23:15:Infinity":2,"b:17:4:19:Infinity:undefined:undefined:undefined:undefined":0,"s:17:4:19:Infinity":3,"s:18:8:18:Infinity":4,"b:22:4:24:Infinity:undefined:undefined:undefined:undefined":1,"s:22:4:24:Infinity":5,"s:23:8:23:Infinity":6,"s:27:18:27:Infinity":7,"s:28:17:28:Infinity":8,"b:30:4:32:Infinity:undefined:undefined:undefined:undefined":2,"s:30:4:32:Infinity":9,"s:31:8:31:Infinity":10,"b:34:4:36:Infinity:undefined:undefined:undefined:undefined":3,"s:34:4:36:Infinity":11,"s:35:8:35:Infinity":12,"s:39:19:39:Infinity":13,"s:40:4:40:Infinity":14,"s:43:20:43:Infinity":15,"s:44:38:44:Infinity":16,"s:45:4:45:Infinity":17,"b:47:4:49:Infinity:undefined:undefined:undefined:undefined":4,"s:47:4:49:Infinity":18,"s:48:8:48:Infinity":19,"s:52:36:54:Infinity":20,"s:55:4:55:Infinity":21,"b:57:4:59:Infinity:undefined:undefined:undefined:undefined":5,"s:57:4:59:Infinity":22,"s:58:8:58:Infinity":23,"s:61:4:61:Infinity":24,"f:64:15:64:33":1,"s:65:23:65:Infinity":25,"s:66:4:66:Infinity":26,"s:69:19:69:Infinity":27,"s:70:16:70:Infinity":28,"b:72:4:78:Infinity:undefined:undefined:undefined:undefined":6,"s:72:4:78:Infinity":29,"s:74:27:74:Infinity":30,"b:75:8:77:Infinity:undefined:undefined:undefined:undefined":7,"s:75:8:77:Infinity":31,"b:75:12:75:26:75:26:75:60":8,"s:76:12:76:Infinity":32,"b:80:4:85:Infinity:undefined:undefined:undefined:undefined":9,"s:80:4:85:Infinity":33,"s:81:8:84:Infinity":34,"s:87:17:87:Infinity":35,"b:89:4:91:Infinity:undefined:undefined:undefined:undefined":10,"s:89:4:91:Infinity":36,"s:90:8:90:Infinity":37,"b:93:4:95:Infinity:undefined:undefined:undefined:undefined":11,"s:93:4:95:Infinity":38,"s:94:8:94:Infinity":39,"s:98:19:98:Infinity":40,"s:99:4:99:Infinity":41,"s:102:20:102:Infinity":42,"s:103:38:103:Infinity":43,"s:104:4:104:Infinity":44,"b:106:4:108:Infinity:undefined:undefined:undefined:undefined":12,"s:106:4:108:Infinity":45,"s:107:8:107:Infinity":46,"s:111:36:113:Infinity":47,"s:114:4:114:Infinity":48,"b:116:4:118:Infinity:undefined:undefined:undefined:undefined":13,"s:116:4:118:Infinity":49,"s:117:8:117:Infinity":50,"s:120:4:120:Infinity":51,"f:123:15:123:28":2,"s:124:23:124:Infinity":52,"s:126:23:126:Infinity":53,"b:127:4:129:Infinity:undefined:undefined:undefined:undefined":14,"s:127:4:129:Infinity":54,"s:128:8:128:Infinity":55,"b:130:4:132:Infinity:undefined:undefined:undefined:undefined":15,"s:130:4:132:Infinity":56,"s:131:8:131:Infinity":57,"s:134:18:134:Infinity":58,"s:135:17:135:Infinity":59,"b:136:4:138:Infinity:undefined:undefined:undefined:undefined":16,"s:136:4:138:Infinity":60,"s:137:8:137:Infinity":61,"b:139:4:141:Infinity:undefined:undefined:undefined:undefined":17,"s:139:4:141:Infinity":62,"s:140:8:140:Infinity":63,"s:143:19:143:Infinity":64,"s:144:22:144:Infinity":65,"s:145:40:145:Infinity":66,"b:146:4:148:Infinity:undefined:undefined:undefined:undefined":18,"s:146:4:148:Infinity":67,"s:147:8:147:Infinity":68,"s:150:36:150:Infinity":69,"b:151:4:153:Infinity:undefined:undefined:undefined:undefined":19,"s:151:4:153:Infinity":70,"s:152:8:152:Infinity":71,"s:155:4:155:Infinity":72}}}
,"/Volumes/PDATA/GitDB/serverless_ai_gateway/src/controller/modelController.ts": {"path":"/Volumes/PDATA/GitDB/serverless_ai_gateway/src/controller/modelController.ts","statementMap":{"0":{"start":{"line":13,"column":18},"end":{"line":15,"column":null}},"1":{"start":{"line":16,"column":4},"end":{"line":18,"column":null}},"2":{"start":{"line":17,"column":8},"end":{"line":17,"column":null}},"3":{"start":{"line":19,"column":21},"end":{"line":19,"column":null}},"4":{"start":{"line":20,"column":4},"end":{"line":20,"column":null}},"5":{"start":{"line":25,"column":17},"end":{"line":25,"column":null}},"6":{"start":{"line":26,"column":84},"end":{"line":26,"column":null}},"7":{"start":{"line":28,"column":4},"end":{"line":28,"column":null}},"8":{"start":{"line":31,"column":4},"end":{"line":33,"column":null}},"9":{"start":{"line":32,"column":8},"end":{"line":32,"column":null}},"10":{"start":{"line":36,"column":19},"end":{"line":36,"column":null}},"11":{"start":{"line":37,"column":4},"end":{"line":39,"column":null}},"12":{"start":{"line":38,"column":8},"end":{"line":38,"column":null}},"13":{"start":{"line":42,"column":4},"end":{"line":47,"column":null}},"14":{"start":{"line":43,"column":28},"end":{"line":43,"column":null}},"15":{"start":{"line":44,"column":8},"end":{"line":46,"column":null}},"16":{"start":{"line":45,"column":12},"end":{"line":45,"column":null}},"17":{"start":{"line":49,"column":21},"end":{"line":55,"column":null}},"18":{"start":{"line":57,"column":4},"end":{"line":57,"column":null}},"19":{"start":{"line":58,"column":4},"end":{"line":58,"column":null}},"20":{"start":{"line":63,"column":18},"end":{"line":63,"column":null}},"21":{"start":{"line":64,"column":29},"end":{"line":64,"column":null}},"22":{"start":{"line":65,"column":20},"end":{"line":65,"column":null}},"23":{"start":{"line":67,"column":4},"end":{"line":72,"column":null}},"24":{"start":{"line":68,"column":25},"end":{"line":68,"column":null}},"25":{"start":{"line":69,"column":8},"end":{"line":71,"column":null}},"26":{"start":{"line":70,"column":12},"end":{"line":70,"column":null}},"27":{"start":{"line":74,"column":4},"end":{"line":76,"column":null}},"28":{"start":{"line":75,"column":8},"end":{"line":75,"column":null}},"29":{"start":{"line":78,"column":18},"end":{"line":78,"column":null}},"30":{"start":{"line":79,"column":25},"end":{"line":79,"column":null}},"31":{"start":{"line":80,"column":4},"end":{"line":80,"column":null}},"32":{"start":{"line":85,"column":15},"end":{"line":85,"column":null}},"33":{"start":{"line":86,"column":20},"end":{"line":86,"column":null}},"34":{"start":{"line":88,"column":4},"end":{"line":90,"column":null}},"35":{"start":{"line":89,"column":8},"end":{"line":89,"column":null}},"36":{"start":{"line":92,"column":18},"end":{"line":92,"column":null}},"37":{"start":{"line":94,"column":4},"end":{"line":96,"column":null}},"38":{"start":{"line":95,"column":8},"end":{"line":95,"column":null}},"39":{"start":{"line":98,"column":4},"end":{"line":98,"column":null}},"40":{"start":{"line":102,"column":17},"end":{"line":102,"column":null}},"41":{"start":{"line":103,"column":16},"end":{"line":103,"column":null}},"42":{"start":{"line":105,"column":4},"end":{"line":107,"column":null}},"43":{"start":{"line":106,"column":8},"end":{"line":106,"column":null}},"44":{"start":{"line":109,"column":19},"end":{"line":109,"column":null}},"45":{"start":{"line":109,"column":33},"end":{"line":109,"column":57}},"46":{"start":{"line":109,"column":72},"end":{"line":109,"column":82}},"47":{"start":{"line":110,"column":4},"end":{"line":112,"column":null}},"48":{"start":{"line":111,"column":8},"end":{"line":111,"column":null}},"49":{"start":{"line":114,"column":19},"end":{"line":114,"column":null}},"50":{"start":{"line":115,"column":4},"end":{"line":115,"column":null}},"51":{"start":{"line":120,"column":15},"end":{"line":120,"column":null}},"52":{"start":{"line":121,"column":20},"end":{"line":121,"column":null}},"53":{"start":{"line":123,"column":4},"end":{"line":125,"column":null}},"54":{"start":{"line":124,"column":8},"end":{"line":124,"column":null}},"55":{"start":{"line":127,"column":65},"end":{"line":127,"column":null}},"56":{"start":{"line":129,"column":4},"end":{"line":136,"column":null}},"57":{"start":{"line":138,"column":25},"end":{"line":144,"column":null}},"58":{"start":{"line":146,"column":4},"end":{"line":148,"column":null}},"59":{"start":{"line":147,"column":8},"end":{"line":147,"column":null}},"60":{"start":{"line":150,"column":4},"end":{"line":150,"column":null}},"61":{"start":{"line":151,"column":4},"end":{"line":151,"column":null}}},"fnMap":{"0":{"name":"checkDuplicateEnabledModel","decl":{"start":{"line":9,"column":15},"end":{"line":9,"column":null}},"loc":{"start":{"line":12,"column":20},"end":{"line":21,"column":null}},"line":12},"1":{"name":"createModel","decl":{"start":{"line":24,"column":15},"end":{"line":24,"column":27}},"loc":{"start":{"line":24,"column":39},"end":{"line":59,"column":null}},"line":24},"2":{"name":"listModels","decl":{"start":{"line":62,"column":15},"end":{"line":62,"column":26}},"loc":{"start":{"line":62,"column":38},"end":{"line":81,"column":null}},"line":62},"3":{"name":"getModel","decl":{"start":{"line":84,"column":15},"end":{"line":84,"column":24}},"loc":{"start":{"line":84,"column":36},"end":{"line":99,"column":null}},"line":84},"4":{"name":"getModelsByIds","decl":{"start":{"line":101,"column":15},"end":{"line":101,"column":30}},"loc":{"start":{"line":101,"column":42},"end":{"line":116,"column":null}},"line":101},"5":{"name":"(anonymous_5)","decl":{"start":{"line":109,"column":27},"end":{"line":109,"column":33}},"loc":{"start":{"line":109,"column":33},"end":{"line":109,"column":57}},"line":109},"6":{"name":"(anonymous_6)","decl":{"start":{"line":109,"column":66},"end":{"line":109,"column":72}},"loc":{"start":{"line":109,"column":72},"end":{"line":109,"column":82}},"line":109},"7":{"name":"updateModel","decl":{"start":{"line":119,"column":15},"end":{"line":119,"column":27}},"loc":{"start":{"line":119,"column":39},"end":{"line":152,"column":null}},"line":119}},"branchMap":{"0":{"loc":{"start":{"line":16,"column":4},"end":{"line":18,"column":null}},"type":"if","locations":[{"start":{"line":16,"column":4},"end":{"line":18,"column":null}},{"start":{},"end":{}}],"line":16},"1":{"loc":{"start":{"line":26,"column":29},"end":{"line":26,"column":44}},"type":"default-arg","locations":[{"start":{"line":26,"column":38},"end":{"line":26,"column":44}}],"line":26},"2":{"loc":{"start":{"line":26,"column":44},"end":{"line":26,"column":57}},"type":"default-arg","locations":[{"start":{"line":26,"column":53},"end":{"line":26,"column":57}}],"line":26},"3":{"loc":{"start":{"line":26,"column":57},"end":{"line":26,"column":80}},"type":"default-arg","locations":[{"start":{"line":26,"column":75},"end":{"line":26,"column":80}}],"line":26},"4":{"loc":{"start":{"line":31,"column":4},"end":{"line":33,"column":null}},"type":"if","locations":[{"start":{"line":31,"column":4},"end":{"line":33,"column":null}},{"start":{},"end":{}}],"line":31},"5":{"loc":{"start":{"line":31,"column":8},"end":{"line":31,"column":29}},"type":"binary-expr","locations":[{"start":{"line":31,"column":8},"end":{"line":31,"column":17}},{"start":{"line":31,"column":17},"end":{"line":31,"column":29}}],"line":31},"6":{"loc":{"start":{"line":37,"column":4},"end":{"line":39,"column":null}},"type":"if","locations":[{"start":{"line":37,"column":4},"end":{"line":39,"column":null}},{"start":{},"end":{}}],"line":37},"7":{"loc":{"start":{"line":42,"column":4},"end":{"line":47,"column":null}},"type":"if","locations":[{"start":{"line":42,"column":4},"end":{"line":47,"column":null}},{"start":{},"end":{}}],"line":42},"8":{"loc":{"start":{"line":44,"column":8},"end":{"line":46,"column":null}},"type":"if","locations":[{"start":{"line":44,"column":8},"end":{"line":46,"column":null}},{"start":{},"end":{}}],"line":44},"9":{"loc":{"start":{"line":67,"column":4},"end":{"line":72,"column":null}},"type":"if","locations":[{"start":{"line":67,"column":4},"end":{"line":72,"column":null}},{"start":{},"end":{}}],"line":67},"10":{"loc":{"start":{"line":69,"column":8},"end":{"line":71,"column":null}},"type":"if","locations":[{"start":{"line":69,"column":8},"end":{"line":71,"column":null}},{"start":{},"end":{}}],"line":69},"11":{"loc":{"start":{"line":74,"column":4},"end":{"line":76,"column":null}},"type":"if","locations":[{"start":{"line":74,"column":4},"end":{"line":76,"column":null}},{"start":{},"end":{}}],"line":74},"12":{"loc":{"start":{"line":78,"column":25},"end":{"line":78,"column":59}},"type":"binary-expr","locations":[{"start":{"line":78,"column":25},"end":{"line":78,"column":58}},{"start":{"line":78,"column":58},"end":{"line":78,"column":59}}],"line":78},"13":{"loc":{"start":{"line":88,"column":4},"end":{"line":90,"column":null}},"type":"if","locations":[{"start":{"line":88,"column":4},"end":{"line":90,"column":null}},{"start":{},"end":{}}],"line":88},"14":{"loc":{"start":{"line":94,"column":4},"end":{"line":96,"column":null}},"type":"if","locations":[{"start":{"line":94,"column":4},"end":{"line":96,"column":null}},{"start":{},"end":{}}],"line":94},"15":{"loc":{"start":{"line":105,"column":4},"end":{"line":107,"column":null}},"type":"if","locations":[{"start":{"line":105,"column":4},"end":{"line":107,"column":null}},{"start":{},"end":{}}],"line":105},"16":{"loc":{"start":{"line":105,"column":8},"end":{"line":105,"column":57}},"type":"binary-expr","locations":[{"start":{"line":105,"column":8},"end":{"line":105,"column":16}},{"start":{"line":105,"column":16},"end":{"line":105,"column":39}},{"start":{"line":105,"column":39},"end":{"line":105,"column":57}}],"line":105},"17":{"loc":{"start":{"line":110,"column":4},"end":{"line":112,"column":null}},"type":"if","locations":[{"start":{"line":110,"column":4},"end":{"line":112,"column":null}},{"start":{},"end":{}}],"line":110},"18":{"loc":{"start":{"line":123,"column":4},"end":{"line":125,"column":null}},"type":"if","locations":[{"start":{"line":123,"column":4},"end":{"line":125,"column":null}},{"start":{},"end":{}}],"line":123},"19":{"loc":{"start":{"line":146,"column":4},"end":{"line":148,"column":null}},"type":"if","locations":[{"start":{"line":146,"column":4},"end":{"line":148,"column":null}},{"start":{},"end":{}}],"line":146}},"s":{"0":0,"1":0,"2":0,"3":0,"4":0,"5":0,"6":0,"7":0,"8":0,"9":0,"10":0,"11":0,"12":0,"13":0,"14":0,"15":0,"16":0,"17":0,"18":0,"19":0,"20":0,"21":0,"22":0,"23":0,"24":0,"25":0,"26":0,"27":0,"28":0,"29":0,"30":0,"31":0,"32":0,"33":0,"34":0,"35":0,"36":0,"37":0,"38":0,"39":0,"40":0,"41":0,"42":0,"43":0,"44":0,"45":0,"46":0,"47":0,"48":0,"49":0,"50":0,"51":0,"52":0,"53":0,"54":0,"55":0,"56":0,"57":0,"58":0,"59":0,"60":0,"61":0},"f":{"0":0,"1":0,"2":0,"3":0,"4":0,"5":0,"6":0,"7":0},"b":{"0":[0,0],"1":[0],"2":[0],"3":[0],"4":[0,0],"5":[0,0],"6":[0,0],"7":[0,0],"8":[0,0],"9":[0,0],"10":[0,0],"11":[0,0],"12":[0,0],"13":[0,0],"14":[0,0],"15":[0,0],"16":[0,0,0],"17":[0,0],"18":[0,0],"19":[0,0]},"meta":{"lastBranch":20,"lastFunction":8,"lastStatement":62,"seen":{"f:9:15:9:Infinity":0,"s:13:18:15:Infinity":0,"b:16:4:18:Infinity:undefined:undefined:undefined:undefined":0,"s:16:4:18:Infinity":1,"s:17:8:17:Infinity":2,"s:19:21:19:Infinity":3,"s:20:4:20:Infinity":4,"f:24:15:24:27":1,"s:25:17:25:Infinity":5,"s:26:84:26:Infinity":6,"b:26:38:26:44":1,"b:26:53:26:57":2,"b:26:75:26:80":3,"s:28:4:28:Infinity":7,"b:31:4:33:Infinity:undefined:undefined:undefined:undefined":4,"s:31:4:33:Infinity":8,"b:31:8:31:17:31:17:31:29":5,"s:32:8:32:Infinity":9,"s:36:19:36:Infinity":10,"b:37:4:39:Infinity:undefined:undefined:undefined:undefined":6,"s:37:4:39:Infinity":11,"s:38:8:38:Infinity":12,"b:42:4:47:Infinity:undefined:undefined:undefined:undefined":7,"s:42:4:47:Infinity":13,"s:43:28:43:Infinity":14,"b:44:8:46:Infinity:undefined:undefined:undefined:undefined":8,"s:44:8:46:Infinity":15,"s:45:12:45:Infinity":16,"s:49:21:55:Infinity":17,"s:57:4:57:Infinity":18,"s:58:4:58:Infinity":19,"f:62:15:62:26":2,"s:63:18:63:Infinity":20,"s:64:29:64:Infinity":21,"s:65:20:65:Infinity":22,"b:67:4:72:Infinity:undefined:undefined:undefined:undefined":9,"s:67:4:72:Infinity":23,"s:68:25:68:Infinity":24,"b:69:8:71:Infinity:undefined:undefined:undefined:undefined":10,"s:69:8:71:Infinity":25,"s:70:12:70:Infinity":26,"b:74:4:76:Infinity:undefined:undefined:undefined:undefined":11,"s:74:4:76:Infinity":27,"s:75:8:75:Infinity":28,"s:78:18:78:Infinity":29,"b:78:25:78:58:78:58:78:59":12,"s:79:25:79:Infinity":30,"s:80:4:80:Infinity":31,"f:84:15:84:24":3,"s:85:15:85:Infinity":32,"s:86:20:86:Infinity":33,"b:88:4:90:Infinity:undefined:undefined:undefined:undefined":13,"s:88:4:90:Infinity":34,"s:89:8:89:Infinity":35,"s:92:18:92:Infinity":36,"b:94:4:96:Infinity:undefined:undefined:undefined:undefined":14,"s:94:4:96:Infinity":37,"s:95:8:95:Infinity":38,"s:98:4:98:Infinity":39,"f:101:15:101:30":4,"s:102:17:102:Infinity":40,"s:103:16:103:Infinity":41,"b:105:4:107:Infinity:undefined:undefined:undefined:undefined":15,"s:105:4:107:Infinity":42,"b:105:8:105:16:105:16:105:39:105:39:105:57":16,"s:106:8:106:Infinity":43,"s:109:19:109:Infinity":44,"f:109:27:109:33":5,"s:109:33:109:57":45,"f:109:66:109:72":6,"s:109:72:109:82":46,"b:110:4:112:Infinity:undefined:undefined:undefined:undefined":17,"s:110:4:112:Infinity":47,"s:111:8:111:Infinity":48,"s:114:19:114:Infinity":49,"s:115:4:115:Infinity":50,"f:119:15:119:27":7,"s:120:15:120:Infinity":51,"s:121:20:121:Infinity":52,"b:123:4:125:Infinity:undefined:undefined:undefined:undefined":18,"s:123:4:125:Infinity":53,"s:124:8:124:Infinity":54,"s:127:65:127:Infinity":55,"s:129:4:136:Infinity":56,"s:138:25:144:Infinity":57,"b:146:4:148:Infinity:undefined:undefined:undefined:undefined":19,"s:146:4:148:Infinity":58,"s:147:8:147:Infinity":59,"s:150:4:150:Infinity":60,"s:151:4:151:Infinity":61}}}
,"/Volumes/PDATA/GitDB/serverless_ai_gateway/src/controller/recordController.ts": {"path":"/Volumes/PDATA/GitDB/serverless_ai_gateway/src/controller/recordController.ts","statementMap":{"0":{"start":{"line":7,"column":4},"end":{"line":9,"column":null}},"1":{"start":{"line":8,"column":8},"end":{"line":8,"column":null}},"2":{"start":{"line":11,"column":4},"end":{"line":13,"column":null}},"3":{"start":{"line":12,"column":8},"end":{"line":12,"column":null}},"4":{"start":{"line":15,"column":4},"end":{"line":15,"column":null}},"5":{"start":{"line":19,"column":17},"end":{"line":19,"column":null}},"6":{"start":{"line":20,"column":27},"end":{"line":20,"column":null}},"7":{"start":{"line":22,"column":4},"end":{"line":26,"column":null}},"8":{"start":{"line":30,"column":18},"end":{"line":30,"column":null}},"9":{"start":{"line":31,"column":29},"end":{"line":31,"column":null}},"10":{"start":{"line":32,"column":45},"end":{"line":32,"column":null}},"11":{"start":{"line":35,"column":20},"end":{"line":35,"column":null}},"12":{"start":{"line":36,"column":21},"end":{"line":36,"column":null}},"13":{"start":{"line":38,"column":14},"end":{"line":38,"column":null}},"14":{"start":{"line":40,"column":4},"end":{"line":42,"column":null}},"15":{"start":{"line":41,"column":8},"end":{"line":41,"column":null}},"16":{"start":{"line":43,"column":4},"end":{"line":45,"column":null}},"17":{"start":{"line":44,"column":8},"end":{"line":44,"column":null}},"18":{"start":{"line":46,"column":4},"end":{"line":48,"column":null}},"19":{"start":{"line":47,"column":8},"end":{"line":47,"column":null}},"20":{"start":{"line":49,"column":4},"end":{"line":51,"column":null}},"21":{"start":{"line":50,"column":8},"end":{"line":50,"column":null}},"22":{"start":{"line":52,"column":4},"end":{"line":54,"column":null}},"23":{"start":{"line":53,"column":8},"end":{"line":53,"column":null}},"24":{"start":{"line":56,"column":18},"end":{"line":56,"column":null}},"25":{"start":{"line":57,"column":20},"end":{"line":57,"column":null}},"26":{"start":{"line":59,"column":4},"end":{"line":62,"column":null}},"27":{"start":{"line":66,"column":18},"end":{"line":66,"column":null}},"28":{"start":{"line":67,"column":21},"end":{"line":67,"column":null}},"29":{"start":{"line":68,"column":20},"end":{"line":68,"column":null}},"30":{"start":{"line":69,"column":4},"end":{"line":69,"column":null}},"31":{"start":{"line":73,"column":15},"end":{"line":73,"column":null}},"32":{"start":{"line":74,"column":21},"end":{"line":74,"column":null}},"33":{"start":{"line":75,"column":4},"end":{"line":75,"column":null}},"34":{"start":{"line":77,"column":4},"end":{"line":79,"column":null}},"35":{"start":{"line":78,"column":8},"end":{"line":78,"column":null}},"36":{"start":{"line":81,"column":19},"end":{"line":81,"column":null}},"37":{"start":{"line":83,"column":4},"end":{"line":85,"column":null}},"38":{"start":{"line":84,"column":8},"end":{"line":84,"column":null}},"39":{"start":{"line":87,"column":4},"end":{"line":87,"column":null}}},"fnMap":{"0":{"name":"normalizeTimestampField","decl":{"start":{"line":6,"column":9},"end":{"line":6,"column":33}},"loc":{"start":{"line":6,"column":73},"end":{"line":16,"column":null}},"line":6},"1":{"name":"serializeRecord","decl":{"start":{"line":18,"column":9},"end":{"line":18,"column":25}},"loc":{"start":{"line":18,"column":43},"end":{"line":27,"column":null}},"line":18},"2":{"name":"listRecords","decl":{"start":{"line":29,"column":15},"end":{"line":29,"column":27}},"loc":{"start":{"line":29,"column":39},"end":{"line":63,"column":null}},"line":29},"3":{"name":"latestRecords","decl":{"start":{"line":65,"column":15},"end":{"line":65,"column":29}},"loc":{"start":{"line":65,"column":41},"end":{"line":70,"column":null}},"line":65},"4":{"name":"getRecord","decl":{"start":{"line":72,"column":15},"end":{"line":72,"column":25}},"loc":{"start":{"line":72,"column":37},"end":{"line":88,"column":null}},"line":72}},"branchMap":{"0":{"loc":{"start":{"line":7,"column":4},"end":{"line":9,"column":null}},"type":"if","locations":[{"start":{"line":7,"column":4},"end":{"line":9,"column":null}},{"start":{},"end":{}}],"line":7},"1":{"loc":{"start":{"line":7,"column":8},"end":{"line":7,"column":47}},"type":"binary-expr","locations":[{"start":{"line":7,"column":8},"end":{"line":7,"column":26}},{"start":{"line":7,"column":26},"end":{"line":7,"column":47}}],"line":7},"2":{"loc":{"start":{"line":11,"column":4},"end":{"line":13,"column":null}},"type":"if","locations":[{"start":{"line":11,"column":4},"end":{"line":13,"column":null}},{"start":{},"end":{}}],"line":11},"3":{"loc":{"start":{"line":24,"column":42},"end":{"line":24,"column":82}},"type":"binary-expr","locations":[{"start":{"line":24,"column":42},"end":{"line":24,"column":69}
[...]
Infinity":76,"s:396:20:396:Infinity":156,"b:397:16:428:Infinity:undefined:undefined:undefined:undefined":77,"s:397:16:428:Infinity":157,"s:398:20:398:Infinity":158,"s:399:20:399:Infinity":159,"s:400:20:400:Infinity":160,"s:401:20:401:Infinity":161,"b:401:46:401:65:401:65:401:Infinity":78,"s:402:20:402:Infinity":162,"s:404:20:417:Infinity":163,"s:418:20:427:Infinity":164,"s:429:16:429:Infinity":165,"s:433:31:433:Infinity":166,"b:434:16:434:Infinity:undefined:undefined:undefined:undefined":79,"s:434:16:434:Infinity":167,"s:434:28:434:Infinity":168,"b:436:16:478:Infinity:448:16:478:Infinity":80,"s:436:16:478:Infinity":169,"s:437:20:446:Infinity":170,"b:444:35:444:49:444:49:444:Infinity":81,"s:447:20:447:Infinity":171,"b:447:36:447:50:447:50:447:Infinity":82,"b:448:16:478:Infinity:460:16:478:Infinity":83,"s:448:16:478:Infinity":172,"s:449:33:449:Infinity":173,"b:449:33:449:55:449:55:449:Infinity":84,"s:450:20:450:Infinity":174,"b:450:45:450:70:450:70:450:77":85,"b:450:77:450:99:450:99:450:Infinity":86,"s:451:20:459:Infinity":175,"b:455:43:455:68:455:68:455:84":87,"b:457:35:457:57:457:57:457:Infinity":88,"b:460:16:478:Infinity:474:16:478:Infinity":89,"s:460:16:478:Infinity":176,"b:461:20:473:Infinity:undefined:undefined:undefined:undefined":90,"s:461:20:473:Infinity":177,"s:462:24:462:Infinity":178,"b:462:45:462:63:462:63:462:Infinity":91,"s:463:24:472:Infinity":179,"b:470:39:470:57:470:57:470:Infinity":92,"b:474:16:478:Infinity:undefined:undefined:undefined:undefined":93,"s:474:16:478:Infinity":180,"b:475:20:477:Infinity:undefined:undefined:undefined:undefined":94,"s:475:20:477:Infinity":181,"s:476:24:476:Infinity":182,"b:476:50:476:69:476:69:476:Infinity":95,"s:479:16:479:Infinity":183,"s:483:29:483:Infinity":184,"b:483:29:483:51:483:51:483:Infinity":96,"b:485:16:571:Infinity:508:16:571:Infinity":97,"s:485:16:571:Infinity":185,"s:487:20:496:Infinity":186,"s:497:20:506:Infinity":187,"s:507:20:507:Infinity":188,"b:508:16:571:Infinity:535:16:571:Infinity":98,"s:508:16:571:Infinity":189,"s:509:33:509:Infinity":190,"b:509:33:509:58:509:58:509:Infinity":99,"s:510:20:518:Infinity":191,"b:514:43:514:68:514:68:514:84":100,"s:519:20:533:Infinity":192,"b:525:42:525:67:525:67:525:83":101,"b:529:41:529:66:529:66:529:Infinity":102,"b:530:38:530:61:530:61:530:Infinity":103,"s:534:20:534:Infinity":193,"b:535:16:571:Infinity:undefined:undefined:undefined:undefined":104,"s:535:16:571:Infinity":194,"s:536:37:536:Infinity":195,"s:537:20:546:Infinity":196,"s:547:20:556:Infinity":197,"s:557:20:569:Infinity":198,"b:566:52:566:97:566:97:566:Infinity":105,"s:570:20:570:Infinity":199,"s:572:16:572:Infinity":200,"s:576:31:576:Infinity":201,"b:577:16:580:Infinity:undefined:undefined:undefined:undefined":106,"s:577:16:580:Infinity":202,"s:578:20:578:Infinity":203,"b:578:40:578:63:578:63:578:Infinity":107,"s:579:20:579:Infinity":204,"b:579:39:579:61:579:61:579:Infinity":108,"s:581:16:581:Infinity":205,"b:586:16:623:Infinity:undefined:undefined:undefined:undefined":109,"s:586:16:623:Infinity":206,"s:587:20:596:Infinity":207,"s:597:20:606:Infinity":208,"s:607:20:620:Infinity":209,"s:621:20:621:Infinity":210,"s:622:20:622:Infinity":211,"s:626:41:626:Infinity":212,"b:627:16:635:Infinity:undefined:undefined:undefined:undefined":110,"s:627:16:635:Infinity":213,"s:628:20:634:Infinity":214,"s:637:32:637:Infinity":215,"f:637:79:637:80":12,"s:637:89:637:94":216,"s:638:16:647:Infinity":217,"s:639:20:646:Infinity":218,"b:640:34:640:57:640:57:640:73":111,"b:643:35:643:58:643:58:643:Infinity":112,"b:644:33:644:56:644:56:644:Infinity":113,"b:645:30:645:51:645:51:645:Infinity":114,"s:649:16:667:Infinity":219,"s:670:16:670:Infinity":220,"s:671:16:671:Infinity":221,"s:672:16:672:Infinity":222,"s:673:16:673:Infinity":223,"s:674:16:674:Infinity":224,"s:675:16:675:Infinity":225,"s:676:16:676:Infinity":226,"s:680:8:680:Infinity":227}}}
,"/Volumes/PDATA/GitDB/serverless_ai_gateway/src/util/protocolConverter/protocolTypes.ts": {"path":"/Volumes/PDATA/GitDB/serverless_ai_gateway/src/util/protocolConverter/protocolTypes.ts","statementMap":{},"fnMap":{},"branchMap":{},"s":{},"f":{},"b":{},"meta":{"lastBranch":0,"lastFunction":0,"lastStatement":0,"seen":{}}}
,"/Volumes/PDATA/GitDB/serverless_ai_gateway/src/util/protocolConverter/responsesTypes.ts": {"path":"/Volumes/PDATA/GitDB/serverless_ai_gateway/src/util/protocolConverter/responsesTypes.ts","statementMap":{},"fnMap":{},"branchMap":{},"s":{},"f":{},"b":{},"meta":{"lastBranch":0,"lastFunction":0,"lastStatement":0,"seen":{}}}
,"/Volumes/PDATA/GitDB/serverless_ai_gateway/src/util/protocolConverter/thinkingConfig.ts": {"path":"/Volumes/PDATA/GitDB/serverless_ai_gateway/src/util/protocolConverter/thinkingConfig.ts","statementMap":{"0":{"start":{"line":3,"column":7},"end":{"line":3,"column":null}},"1":{"start":{"line":4,"column":4},"end":{"line":4,"column":null}},"2":{"start":{"line":5,"column":4},"end":{"line":5,"column":null}},"3":{"start":{"line":6,"column":4},"end":{"line":6,"column":null}},"4":{"start":{"line":7,"column":4},"end":{"line":7,"column":null}},"5":{"start":{"line":8,"column":4},"end":{"line":8,"column":null}},"6":{"start":{"line":9,"column":4},"end":{"line":9,"column":null}},"7":{"start":{"line":3,"column":12},"end":{"line":3,"column":null}},"8":{"start":{"line":18,"column":72},"end":{"line":25,"column":null}},"9":{"start":{"line":28,"column":4},"end":{"line":43,"column":null}},"10":{"start":{"line":30,"column":12},"end":{"line":30,"column":null}},"11":{"start":{"line":32,"column":12},"end":{"line":32,"column":null}},"12":{"start":{"line":34,"column":12},"end":{"line":34,"column":null}},"13":{"start":{"line":36,"column":12},"end":{"line":36,"column":null}},"14":{"start":{"line":38,"column":12},"end":{"line":38,"column":null}},"15":{"start":{"line":40,"column":12},"end":{"line":40,"column":null}},"16":{"start":{"line":42,"column":12},"end":{"line":42,"column":null}},"17":{"start":{"line":47,"column":4},"end":{"line":49,"column":null}},"18":{"start":{"line":48,"column":8},"end":{"line":48,"column":null}},"19":{"start":{"line":51,"column":4},"end":{"line":53,"column":null}},"20":{"start":{"line":52,"column":8},"end":{"line":52,"column":null}},"21":{"start":{"line":54,"column":4},"end":{"line":56,"column":null}},"22":{"start":{"line":55,"column":8},"end":{"line":55,"column":null}},"23":{"start":{"line":57,"column":4},"end":{"line":59,"column":null}},"24":{"start":{"line":58,"column":8},"end":{"line":58,"column":null}},"25":{"start":{"line":60,"column":4},"end":{"line":62,"column":null}},"26":{"start":{"line":61,"column":8},"end":{"line":61,"column":null}},"27":{"start":{"line":63,"column":4},"end":{"line":65,"column":null}},"28":{"start":{"line":64,"column":8},"end":{"line":64,"column":null}},"29":{"start":{"line":67,"column":4},"end":{"line":67,"column":null}},"30":{"start":{"line":71,"column":29},"end":{"line":71,"column":null}},"31":{"start":{"line":72,"column":4},"end":{"line":74,"column":null}},"32":{"start":{"line":73,"column":8},"end":{"line":73,"column":null}},"33":{"start":{"line":76,"column":4},"end":{"line":82,"column":null}},"34":{"start":{"line":88,"column":4},"end":{"line":90,"column":null}},"35":{"start":{"line":89,"column":8},"end":{"line":89,"column":null}},"36":{"start":{"line":92,"column":4},"end":{"line":97,"column":null}},"37":{"start":{"line":93,"column":8},"end":{"line":96,"column":null}},"38":{"start":{"line":99,"column":19},"end":{"line":99,"column":null}},"39":{"start":{"line":100,"column":4},"end":{"line":104,"column":null}},"40":{"start":{"line":111,"column":4},"end":{"line":111,"column":null}},"41":{"start":{"line":117,"column":4},"end":{"line":117,"column":null}},"42":{"start":{"line":123,"column":4},"end":{"line":125,"column":null}},"43":{"start":{"line":124,"column":8},"end":{"line":124,"column":null}},"44":{"start":{"line":127,"column":4},"end":{"line":129,"column":null}},"45":{"start":{"line":128,"column":8},"end":{"line":128,"column":null}},"46":{"start":{"line":131,"column":19},"end":{"line":131,"column":null}},"47":{"start":{"line":132,"column":4},"end":{"line":137,"column":null}},"48":{"start":{"line":141,"column":4},"end":{"line":143,"column":null}},"49":{"start":{"line":142,"column":8},"end":{"line":142,"column":null}},"50":{"start":{"line":145,"column":4},"end":{"line":147,"column":null}},"51":{"start":{"line":146,"column":8},"end":{"line":146,"column":null}},"52":{"start":{"line":149,"column":4},"end":{"line":149,"column":null}},"53":{"start":{"line":155,"column":19},"end":{"line":155,"column":null}},"54":{"start":{"line":156,"column":4},"end":{"line":158,"column":null}},"55":{"start":{"line":157,"column":8},"end":{"line":157,"column":null}},"56":{"start":{"line":160,"column":4},"end":{"line":160,"column":null}}},"fnMap":{"0":{"name":"(anonymous_0)","decl":{"start":{"line":3,"column":7},"end":{"line":3,"column":12}},"loc":{"start":{"line":3,"column":7},"end":{"line":3,"column":null}},"line":3},"1":{"name":"normalizeReasoningEffort","decl":{"start":{"line":27,"column":9},"end":{"line":27,"column":34}},"loc":{"start":{"line":27,"column":80},"end":{"line":44,"column":null}},"line":27},"2":{"name":"effortFromBudgetTokens","decl":{"start":{"line":46,"column":9},"end":{"line":46,"column":32}},"loc":{"start":{"line":46,"column":72},"end":{"line":68,"column":null}},"line":46},"3":{"name":"buildThinkingConfigFromReasoningEffort","decl":{"start":{"line":70,"column":9},"end":{"line":70,"column":48}},"loc":{"start":{"line":70,"column":93},"end":{"line":83,"column":null}},"line":70},"4":{"name":"buildThinkingConfigFromAnthropic","decl":{"start":{"line":85,"column":16},"end":{"line":85,"column":null}},"loc":{"start":{"line":87,"column":30},"end":{"line":105,"column":null}},"line":87},"5":{"name":"buildThinkingConfigFromOpenAI","decl":{"start":{"line":107,"column":16},"end":{"line":107,"column":null}},"loc":{"start":{"line":110,"column":30},"end":{"line":112,"column":null}},"line":110},"6":{"name":"buildThinkingConfigFromOpenAIResponses","decl":{"start":{"line":114,"column":16},"end":{"line":114,"column":null}},"loc":{"start":{"line":116,"column":30},"end":{"line":118,"column":null}},"line":116},"7":{"name":"thinkingConfigToAnthropic","decl":{"start":{"line":120,"column":16},"end":{"line":120,"column":null}},"loc":{"start":{"line":122,"column":39},"end":{"line":138,"column":null}},"line":122},"8":{"name":"thinkingConfigToOpenAI","decl":{"start":{"line":140,"column":16},"end":{"line":140,"column":39}},"loc":{"start":{"line":140,"column":93},"end":{"line":150,"column":null}},"line":140},"9":{"name":"thinkingConfigToOpenAIResponses","decl":{"start":{"line":152,"column":16},"end":{"line":152,"column":null}},"loc":{"start":{"line":154,"column":43},"end":{"line":161,"column":null}},"line":154}},"branchMap":{"0":{"loc":{"start":{"line":3,"column":12},"end":{"line":3,"column":null}},"type":"binary-expr","locations":[{"start":{"line":3,"column":12},"end":{"line":3,"column":null}},{"start":{"line":3,"column":12},"end":{"line":3,"column":null}}],"line":3},"1":{"loc":{"start":{"line":28,"column":4},"end":{"line":43,"column":null}},"type":"switch","locations":[{"start":{"line":29,"column":8},"end":{"line":30,"column":null}},{"start":{"line":31,"column":8},"end":{"line":32,"column":null}},{"start":{"line":33,"column":8},"end":{"line":34,"column":null}},{"start":{"line":35,"column":8},"end":{"line":36,"column":null}},{"start":{"line":37,"column":8},"end":{"line":38,"column":null}},{"start":{"line":39,"column":8},"end":{"line":40,"column":null}},{"start":{"line":41,"column":8},"end":{"line":42,"column":null}}],"line":28},"2":{"loc":{"start":{"line":47,"column":4},"end":{"line":49,"column":null}},"type":"if","locations":[{"start":{"line":47,"column":4},"end":{"line":49,"column":null}},{"start":{},"end":{}}],"line":47},"3":{"loc":{"start":{"line":51,"column":4},"end":{"line":53,"column":null}},"type":"if","locations":[{"start":{"line":51,"column":4},"end":{"line":53,"column":null}},{"start":{},"end":{}}],"line":51},"4":{"loc":{"start":{"line":54,"column":4},"end":{"line":56,"column":null}},"type":"if","locations":[{"start":{"line":54,"column":4},"end":{"line":56,"column":null}},{"start":{},"end":{}}],"line":54},"5":{"loc":{"start":{"line":57,"column":4},"end":{"line":59,"column":null}},"type":"if","locations":[{"start":{"line":57,"column":4},"end":{"line":59,"column":null}},{"start":{},"end":{}}],"line":57},"6":{"loc":{"start":{"line":60,"column":4},"end":{"line":62,"column":null}},"type":"if","locations":[{"start":{"line":60,"column":4},"end":{"line":62,"column":null}},{"start":{},"end":{}}],"line":60},"7":{"loc":{"start":{"line":63,"column":4},"end":{"line":65,"column":null}},"type":"if","locations":[{"start":{"line":63,"column":4},"end":{"line":65,"column":null}},{"start":{},"end":{}}],"line":63},"8":{"loc":{"start":{"line":72,"column":4},"end":{"line":74,"column":null}},"type":"if","locations":[{"start":{"line":72,"column":4},"end":{"line":74,"column":null}},{"start":{},"end":{}}],"line":72},"9":{"loc":{"start":{"line":79,"column":22},"end":{"line":81,"column":null}},"type":"cond-expr","locations":[{"start":{"line":80,"column":14},"end":{"line":80,"column":null}},{"start":{"line":81,"column":14},"end":{"line":81,"column":null}}],"line":79},"10":{"loc":{"start":{"line":88,"column":4},"end":{"line":90,"column":null}},"type":"if","locations":[{"start":{"line":88,"column":4},"end":{"line":90,"column":null}},{"start":{},"end":{}}],"line":88},"11":{"loc":{"start":{"line":92,"column":4},"end":{"line":97,"column":null}},"type":"if","locations":[{"start":{"line":92,"column":4},"end":{"line":97,"column":null}},{"start":{},"end":{}}],"line":92},"12":{"loc":{"start":{"line":111,"column":50},"end":{"line":111,"column":86}},"type":"binary-expr","locations":[{"start":{"line":111,"column":50},"end":{"line":111,"column":69}},{"start":{"line":111,"column":69},"end":{"line":111,"column":86}}],"line":111},"13":{"loc":{"start":{"line":123,"column":4},"end":{"line":125,"column":null}},"type":"if","locations":[{"start":{"line":123,"column":4},"end":{"line":125,"column":null}},{"start":{},"end":{}}],"line":123},"14":{"loc":{"start":{"line":127,"column":4},"end":{"line":129,"column":null}},"type":"if","locations":[{"start":{"line":127,"column":4},"end":{"line":129,"column":null}},{"start":{},"end":{}}],"line":127},"15":{"loc":{"start":{"line":127,"column":8},"end":{"line":127,"column":67}},"type":"binary-expr","locations":[{"start":{"line":127,"column":8},"end":{"line":127,"column":27}},{"start":{"line":127,"column":27},"end":{"line":127,"column":67}}],"line":127},"16":{"loc":{"start":{"line":131,"column":19},"end":{"line":131,"column":null}},"type":"binary-expr","locations":[{"start":{"line":131,"column":19},"end":{"line":131,"column":36}},{"start":{"line":131,"column":36},"end":{"line":131,"column":null}}],"line":131},"17":{"loc":{"start":{"line":134,"column":23},"end":{"line":136,"column":null}},"type":"cond-expr","locations":[{"start":{"line":135,"column":14},"end":{"line":135,"column":null}},{"start":{"line":136,"column":14},"end":{"line":136,"column":null}}],"line":134},"18":{"loc":{"start":{"line":134,"column":23},"end":{"line":134,"column":null}},"type":"binary-expr","locations":[{"start":{"line":134,"column":23},"end":{"line":134,"column":46}},{"start":{"line":134,"column":46},"end":{"line":134,"column":null}}],"line":134},"19":{"loc":{"start":{"line":141,"column":4},"end":{"line":143,"column":null}},"type":"if","locations":[{"start":{"line":141,"column":4},"end":{"line":143,"column":null}},{"start":{},"end":{}}],"line":141},"20":{"loc":{"start":{"line":145,"column":4},"end":{"line":147,"column":null}},"type":"if","locations":[{"start":{"line":145,"column":4},"end":{"line":147,"column":null}},{"start":{},"end":{}}],"line":145},"21":{"loc":{"start":{"line":149,"column":11},"end":{"line":149,"column":null}},"type":"binary-expr","locations":[{"start":{"line":149,"column":11},"end":{"line":149,"column":28}},{"start":{"line":149,"column":28},"end":{"line":149,"column":null}}],"line":149},"22":{"loc":{"start":{"line":156,"column":4},"end":{"line":158,"column":null}},"type":"if","locations":[{"start":{"line":156,"column":4},"end":{"line":158,"column":null}},{"start":{},"end":{}}],"line":156}},"s":{"0":5,"1":5,"2":5,"3":5,"4":5,"5":5,"6":5,"7":5,"8":5,"9":56,"10":2,"11":2,"12":2,"13":2,"14":3,"15":2,"16":43,"17":11,"18":0,"19":11,"20":0,"21":11,"22":2,"23":9,"24":2,"25":7,"26":2,"27":5,"28":3,"29":2,"30":56,"31":56,"32":43,"33":13,"34":45,"35":32,"36":13,"37":2,"38":11,"39":11,"40":32,"41":24,"42":56,"43":43,"44":13,"45":2,"46":11,"47":56,"48":45,"49":32,"50":13,"51":2,"52":11,"53":20,"54":20,"55":14,"56":6},"f":{"0":5,"1":56,"2":11,"3":56,"4":45,"5":32,"6":24,"7":56,"8":45,"9":20},"b":{"0":[5,5],"1":[2,2,2,2,3,2,43],"2":[0,11],"3":[0,11],"4":[2,9],"5":[2,7],"6":[2,5],"7":[3,2],"8":[43,13],"9":[2,11],"10":[32,13],"11":[2,11],"12":[32,26],"13":[43,13],"14":[2,11],"15":[13,11],"16":[11,0],"17":[11,0],"18":[56,11],"19":[32,13],"20":[2,11],"21":[11,0],"22":[14,6]},"meta":{"lastBranch":23,"lastFunction":10,"lastStatement":57,"seen":{"s:3:7:3:Infinity":0,"f:3:7:3:12":0,"s:4:4:4:Infinity":1,"s:5:4:5:Infinity":2,"s:6:4:6:Infinity":3,"s:7:4:7:Infinity":4,"s:8:4:8:Infinity":5,"s:9:4:9:Infinity":6,"s:3:12:3:Infinity":7,"b:3:12:3:Infinity:3:12:3:Infinity":0,"s:18:72:25:Infinity":8,"f:27:9:27:34":1,"b:29:8:30:Infinity:31:8:32:Infinity:33:8:34:Infinity:35:8:36:Infinity:37:8:38:Infinity:39:8:40:Infinity:41:8:42:Infinity":1,"s:28:4:43:Infinity":9,"s:30:12:30:Infinity":10,"s:32:12:32:Infinity":11,"s:34:12:34:Infinity":12,"s:36:12:36:Infinity":13,"s:38:12:38:Infinity":14,"s:40:12:40:Infinity":15,"s:42:12:42:Infinity":16,"f:46:9:46:32":2,"b:47:4:49:Infinity:undefined:undefined:undefined:undefined":2,"s:47:4:49:Infinity":17,"s:48:8:48:Infinity":18,"b:51:4:53:Infinity:undefined:undefined:undefined:undefined":3,"s:51:4:53:Infinity":19,"s:52:8:52:Infinity":20,"b:54:4:56:Infinity:undefined:undefined:undefined:undefined":4,"s:54:4:56:Infinity":21,"s:55:8:55:Infinity":22,"b:57:4:59:Infinity:undefined:undefined:undefined:undefined":5,"s:57:4:59:Infinity":23,"s:58:8:58:Infinity":24,"b:60:4:62:Infinity:undefined:undefined:undefined:undefined":6,"s:60:4:62:Infinity":25,"s:61:8:61:Infinity":26,"b:63:4:65:Infinity:undefined:undefined:undefined:undefined":7,"s:63:4:65:Infinity":27,"s:64:8:64:Infinity":28,"s:67:4:67:Infinity":29,"f:70:9:70:48":3,"s:71:29:71:Infinity":30,"b:72:4:74:Infinity:undefined:undefined:undefined:undefined":8,"s:72:4:74:Infinity":31,"s:73:8:73:Infinity":32,"s:76:4:82:Infinity":33,"b:80:14:80:Infinity:81:14:81:Infinity":9,"f:85:16:85:Infinity":4,"b:88:4:90:Infinity:undefined:undefined:undefined:undefined":10,"s:88:4:90:Infinity":34,"s:89:8:89:Infinity":35,"b:92:4:97:Infinity:undefined:undefined:undefined:undefined":11,"s:92:4:97:Infinity":36,"s:93:8:96:Infinity":37,"s:99:19:99:Infinity":38,"s:100:4:104:Infinity":39,"f:107:16:107:Infinity":5,"s:111:4:111:Infinity":40,"b:111:50:111:69:111:69:111:86":12,"f:114:16:114:Infinity":6,"s:117:4:117:Infinity":41,"f:120:16:120:Infinity":7,"b:123:4:125:Infinity:undefined:undefined:undefined:undefined":13,"s:123:4:125:Infinity":42,"s:124:8:124:Infinity":43,"b:127:4:129:Infinity:undefined:undefined:undefined:undefined":14,"s:127:4:129:Infinity":44,"b:127:8:127:27:127:27:127:67":15,"s:128:8:128:Infinity":45,"s:131:19:131:Infinity":46,"b:131:19:131:36:131:36:131:Infinity":16,"s:132:4:137:Infinity":47,"b:135:14:135:Infinity:136:14:136:Infinity":17,"b:134:23:134:46:134:46:134:Infinity":18,"f:140:16:140:39":8,"b:141:4:143:Infinity:undefined:undefined:undefined:undefined":19,"s:141:4:143:Infinity":48,"s:142:8:142:Infinity":49,"b:145:4:147:Infinity:undefined:undefined:undefined:undefined":20,"s:145:4:147:Infinity":50,"s:146:8:146:Infinity":51,"s:149:4:149:Infinity":52,"b:149:11:149:28:149:28:149:Infinity":21,"f:152:16:152:Infinity":9,"s:155:19:155:Infinity":53,"b:156:4:158:Infinity:undefined:undefined:undefined:undefined":22,"s:156:4:158:Infinity":54,"s:157:8:157:Infinity":55,"s:160:4:160:Infinity":56}}}
}
